{"C:\\Users\\sande\\Documents\\GitHub\\axgrid\\client\\postcss.config.js": {"path":"C:\\Users\\sande\\Documents\\GitHub\\axgrid\\client\\postcss.config.js","all":true,"statementMap":{"0":{"start":{"line":1,"column":0},"end":{"line":1,"column":16}},"1":{"start":{"line":2,"column":0},"end":{"line":2,"column":12}},"2":{"start":{"line":3,"column":0},"end":{"line":3,"column":20}},"3":{"start":{"line":4,"column":0},"end":{"line":4,"column":21}},"4":{"start":{"line":5,"column":0},"end":{"line":5,"column":4}},"5":{"start":{"line":6,"column":0},"end":{"line":6,"column":1}}},"s":{"0":0,"1":0,"2":0,"3":0,"4":0,"5":0},"branchMap":{"0":{"type":"branch","line":1,"loc":{"start":{"line":1,"column":0},"end":{"line":6,"column":1}},"locations":[{"start":{"line":1,"column":0},"end":{"line":6,"column":1}}]}},"b":{"0":[0]},"fnMap":{"0":{"name":"(empty-report)","decl":{"start":{"line":1,"column":0},"end":{"line":6,"column":1}},"loc":{"start":{"line":1,"column":0},"end":{"line":6,"column":1}},"line":1}},"f":{"0":0}}
,"C:\\Users\\sande\\Documents\\GitHub\\axgrid\\client\\tailwind.config.js": {"path":"C:\\Users\\sande\\Documents\\GitHub\\axgrid\\client\\tailwind.config.js","all":true,"statementMap":{"0":{"start":{"line":1,"column":0},"end":{"line":1,"column":43}},"1":{"start":{"line":2,"column":0},"end":{"line":2,"column":16}},"2":{"start":{"line":3,"column":0},"end":{"line":3,"column":42}},"3":{"start":{"line":4,"column":0},"end":{"line":4,"column":10}},"4":{"start":{"line":5,"column":0},"end":{"line":5,"column":15}},"5":{"start":{"line":6,"column":0},"end":{"line":6,"column":4}},"6":{"start":{"line":7,"column":0},"end":{"line":7,"column":14}},"7":{"start":{"line":8,"column":0},"end":{"line":8,"column":1}}},"s":{"0":0,"1":0,"2":0,"3":0,"4":0,"5":0,"6":0,"7":0},"branchMap":{"0":{"type":"branch","line":1,"loc":{"start":{"line":1,"column":0},"end":{"line":8,"column":1}},"locations":[{"start":{"line":1,"column":0},"end":{"line":8,"column":1}}]}},"b":{"0":[0]},"fnMap":{"0":{"name":"(empty-report)","decl":{"start":{"line":1,"column":0},"end":{"line":8,"column":1}},"loc":{"start":{"line":1,"column":0},"end":{"line":8,"column":1}},"line":1}},"f":{"0":0}}
,"C:\\Users\\sande\\Documents\\GitHub\\axgrid\\client\\src\\App.tsx": {"path":"C:\\Users\\sande\\Documents\\GitHub\\axgrid\\client\\src\\App.tsx","all":false,"statementMap":{"0":{"start":{"line":1,"column":0},"end":{"line":1,"column":18}},"1":{"start":{"line":2,"column":0},"end":{"line":2,"column":73}},"2":{"start":{"line":3,"column":0},"end":{"line":3,"column":37}},"3":{"start":{"line":4,"column":0},"end":{"line":4,"column":41}},"4":{"start":{"line":5,"column":0},"end":{"line":5,"column":33}},"5":{"start":{"line":6,"column":0},"end":{"line":6,"column":37}},"6":{"start":{"line":7,"column":0},"end":{"line":7,"column":42}},"7":{"start":{"line":8,"column":0},"end":{"line":8,"column":52}},"8":{"start":{"line":9,"column":0},"end":{"line":9,"column":67}},"9":{"start":{"line":10,"column":0},"end":{"line":10,"column":0}},"10":{"start":{"line":11,"column":0},"end":{"line":11,"column":16}},"11":{"start":{"line":12,"column":0},"end":{"line":12,"column":75}},"12":{"start":{"line":13,"column":0},"end":{"line":13,"column":0}},"13":{"start":{"line":14,"column":0},"end":{"line":14,"column":21}},"14":{"start":{"line":15,"column":0},"end":{"line":15,"column":55}},"15":{"start":{"line":16,"column":0},"end":{"line":16,"column":49}},"16":{"start":{"line":17,"column":0},"end":{"line":17,"column":10}},"17":{"start":{"line":18,"column":0},"end":{"line":18,"column":0}},"18":{"start":{"line":19,"column":0},"end":{"line":19,"column":30}},"19":{"start":{"line":20,"column":0},"end":{"line":20,"column":36}},"20":{"start":{"line":21,"column":0},"end":{"line":21,"column":32}},"21":{"start":{"line":22,"column":0},"end":{"line":22,"column":9}},"22":{"start":{"line":23,"column":0},"end":{"line":23,"column":0}},"23":{"start":{"line":24,"column":0},"end":{"line":24,"column":33}},"24":{"start":{"line":25,"column":0},"end":{"line":25,"column":39}},"25":{"start":{"line":26,"column":0},"end":{"line":26,"column":27}},"26":{"start":{"line":27,"column":0},"end":{"line":27,"column":9}},"27":{"start":{"line":28,"column":0},"end":{"line":28,"column":0}},"28":{"start":{"line":29,"column":0},"end":{"line":29,"column":27}},"29":{"start":{"line":30,"column":0},"end":{"line":30,"column":0}},"30":{"start":{"line":31,"column":0},"end":{"line":31,"column":42}},"31":{"start":{"line":32,"column":0},"end":{"line":32,"column":48}},"32":{"start":{"line":33,"column":0},"end":{"line":33,"column":0}},"33":{"start":{"line":34,"column":0},"end":{"line":34,"column":22}},"34":{"start":{"line":35,"column":0},"end":{"line":35,"column":34}},"35":{"start":{"line":36,"column":0},"end":{"line":36,"column":9}},"36":{"start":{"line":37,"column":0},"end":{"line":37,"column":10}},"37":{"start":{"line":38,"column":0},"end":{"line":38,"column":0}},"38":{"start":{"line":39,"column":0},"end":{"line":39,"column":12}},"39":{"start":{"line":40,"column":0},"end":{"line":40,"column":10}},"40":{"start":{"line":41,"column":0},"end":{"line":41,"column":58}},"41":{"start":{"line":42,"column":0},"end":{"line":42,"column":24}},"42":{"start":{"line":43,"column":0},"end":{"line":43,"column":65}},"43":{"start":{"line":44,"column":0},"end":{"line":44,"column":35}},"44":{"start":{"line":45,"column":0},"end":{"line":45,"column":32}},"45":{"start":{"line":46,"column":0},"end":{"line":46,"column":68}},"46":{"start":{"line":47,"column":0},"end":{"line":47,"column":79}},"47":{"start":{"line":48,"column":0},"end":{"line":48,"column":33}},"48":{"start":{"line":49,"column":0},"end":{"line":49,"column":26}},"49":{"start":{"line":50,"column":0},"end":{"line":50,"column":92}},"50":{"start":{"line":51,"column":0},"end":{"line":51,"column":37}},"51":{"start":{"line":52,"column":0},"end":{"line":52,"column":55}},"52":{"start":{"line":53,"column":0},"end":{"line":53,"column":61}},"53":{"start":{"line":54,"column":0},"end":{"line":54,"column":26}},"54":{"start":{"line":55,"column":0},"end":{"line":55,"column":26}},"55":{"start":{"line":56,"column":0},"end":{"line":56,"column":25}},"56":{"start":{"line":57,"column":0},"end":{"line":57,"column":19}},"57":{"start":{"line":58,"column":0},"end":{"line":58,"column":11}},"58":{"start":{"line":59,"column":0},"end":{"line":59,"column":5}},"59":{"start":{"line":60,"column":0},"end":{"line":60,"column":1}},"60":{"start":{"line":61,"column":0},"end":{"line":61,"column":0}},"61":{"start":{"line":62,"column":0},"end":{"line":62,"column":18}}},"s":{"0":1,"1":1,"2":1,"3":1,"4":1,"5":1,"6":1,"7":1,"8":1,"9":1,"10":3,"11":3,"12":3,"13":3,"14":3,"15":3,"16":3,"17":3,"18":3,"19":0,"20":0,"21":0,"22":3,"23":3,"24":0,"25":0,"26":0,"27":3,"28":3,"29":3,"30":3,"31":3,"32":3,"33":3,"34":3,"35":3,"36":3,"37":3,"38":3,"39":3,"40":3,"41":3,"42":3,"43":3,"44":3,"45":3,"46":3,"47":3,"48":3,"49":3,"50":3,"51":3,"52":3,"53":3,"54":3,"55":3,"56":3,"57":3,"58":3,"59":3,"60":1,"61":1},"branchMap":{"0":{"type":"branch","line":11,"loc":{"start":{"line":11,"column":0},"end":{"line":60,"column":1}},"locations":[{"start":{"line":11,"column":0},"end":{"line":60,"column":1}}]},"1":{"type":"branch","line":14,"loc":{"start":{"line":14,"column":14},"end":{"line":37,"column":7}},"locations":[{"start":{"line":14,"column":14},"end":{"line":37,"column":7}}]},"2":{"type":"branch","line":34,"loc":{"start":{"line":34,"column":15},"end":{"line":36,"column":9}},"locations":[{"start":{"line":34,"column":15},"end":{"line":36,"column":9}}]}},"b":{"0":[3],"1":[3],"2":[3]},"fnMap":{"0":{"name":"App","decl":{"start":{"line":11,"column":0},"end":{"line":60,"column":1}},"loc":{"start":{"line":11,"column":0},"end":{"line":60,"column":1}},"line":11},"1":{"name":"onConnect","decl":{"start":{"line":19,"column":8},"end":{"line":22,"column":9}},"loc":{"start":{"line":19,"column":8},"end":{"line":22,"column":9}},"line":19},"2":{"name":"onDisconnect","decl":{"start":{"line":24,"column":8},"end":{"line":27,"column":9}},"loc":{"start":{"line":24,"column":8},"end":{"line":27,"column":9}},"line":24}},"f":{"0":3,"1":0,"2":0}}
,"C:\\Users\\sande\\Documents\\GitHub\\axgrid\\client\\src\\main.tsx": {"path":"C:\\Users\\sande\\Documents\\GitHub\\axgrid\\client\\src\\main.tsx","all":true,"statementMap":{"0":{"start":{"line":1,"column":0},"end":{"line":1,"column":39}},"1":{"start":{"line":2,"column":0},"end":{"line":2,"column":27}},"2":{"start":{"line":3,"column":0},"end":{"line":3,"column":20}},"3":{"start":{"line":4,"column":0},"end":{"line":4,"column":76}},"4":{"start":{"line":5,"column":0},"end":{"line":5,"column":0}},"5":{"start":{"line":6,"column":0},"end":{"line":6,"column":61}},"6":{"start":{"line":7,"column":0},"end":{"line":7,"column":27}},"7":{"start":{"line":8,"column":0},"end":{"line":8,"column":15}},"8":{"start":{"line":9,"column":0},"end":{"line":9,"column":28}},"9":{"start":{"line":10,"column":0},"end":{"line":10,"column":1}}},"s":{"0":0,"1":0,"2":0,"3":0,"4":0,"5":0,"6":0,"7":0,"8":0,"9":0},"branchMap":{"0":{"type":"branch","line":1,"loc":{"start":{"line":1,"column":0},"end":{"line":10,"column":1}},"locations":[{"start":{"line":1,"column":0},"end":{"line":10,"column":1}}]}},"b":{"0":[0]},"fnMap":{"0":{"name":"(empty-report)","decl":{"start":{"line":1,"column":0},"end":{"line":10,"column":1}},"loc":{"start":{"line":1,"column":0},"end":{"line":10,"column":1}},"line":1}},"f":{"0":0}}
,"C:\\Users\\sande\\Documents\\GitHub\\axgrid\\client\\src\\components\\AlertMessage.tsx": {"path":"C:\\Users\\sande\\Documents\\GitHub\\axgrid\\client\\src\\components\\AlertMessage.tsx","all":false,"statementMap":{"0":{"start":{"line":1,"column":0},"end":{"line":1,"column":45}},"1":{"start":{"line":2,"column":0},"end":{"line":2,"column":49}},"2":{"start":{"line":3,"column":0},"end":{"line":3,"column":49}},"3":{"start":{"line":4,"column":0},"end":{"line":4,"column":0}},"4":{"start":{"line":5,"column":0},"end":{"line":5,"column":21}},"5":{"start":{"line":6,"column":0},"end":{"line":6,"column":21}},"6":{"start":{"line":7,"column":0},"end":{"line":7,"column":34}},"7":{"start":{"line":8,"column":0},"end":{"line":8,"column":56}},"8":{"start":{"line":9,"column":0},"end":{"line":9,"column":1}},"9":{"start":{"line":10,"column":0},"end":{"line":10,"column":0}},"10":{"start":{"line":11,"column":0},"end":{"line":11,"column":23}},"11":{"start":{"line":12,"column":0},"end":{"line":12,"column":13}},"12":{"start":{"line":13,"column":0},"end":{"line":13,"column":17}},"13":{"start":{"line":14,"column":0},"end":{"line":14,"column":20}},"14":{"start":{"line":15,"column":0},"end":{"line":15,"column":21}},"15":{"start":{"line":16,"column":0},"end":{"line":16,"column":31}},"16":{"start":{"line":17,"column":0},"end":{"line":17,"column":19}},"17":{"start":{"line":18,"column":0},"end":{"line":18,"column":5}},"18":{"start":{"line":19,"column":0},"end":{"line":19,"column":0}},"19":{"start":{"line":20,"column":0},"end":{"line":20,"column":22}},"20":{"start":{"line":21,"column":0},"end":{"line":21,"column":59}},"21":{"start":{"line":22,"column":0},"end":{"line":22,"column":12}},"22":{"start":{"line":23,"column":0},"end":{"line":23,"column":0}},"23":{"start":{"line":24,"column":0},"end":{"line":24,"column":12}},"24":{"start":{"line":25,"column":0},"end":{"line":25,"column":14}},"25":{"start":{"line":26,"column":0},"end":{"line":26,"column":51}},"26":{"start":{"line":27,"column":0},"end":{"line":27,"column":44}},"27":{"start":{"line":28,"column":0},"end":{"line":28,"column":9}},"28":{"start":{"line":29,"column":0},"end":{"line":29,"column":46}},"29":{"start":{"line":30,"column":0},"end":{"line":30,"column":16}},"30":{"start":{"line":31,"column":0},"end":{"line":31,"column":5}},"31":{"start":{"line":32,"column":0},"end":{"line":32,"column":1}},"32":{"start":{"line":33,"column":0},"end":{"line":33,"column":0}},"33":{"start":{"line":34,"column":0},"end":{"line":34,"column":27}}},"s":{"0":1,"1":1,"2":1,"3":1,"4":1,"5":1,"6":1,"7":1,"8":1,"9":1,"10":1,"11":6,"12":6,"13":6,"14":6,"15":6,"16":4,"17":4,"18":2,"19":2,"20":1,"21":2,"22":2,"23":2,"24":2,"25":2,"26":2,"27":2,"28":3,"29":6,"30":6,"31":6,"32":1,"33":1},"branchMap":{"0":{"type":"branch","line":11,"loc":{"start":{"line":11,"column":21},"end":{"line":32,"column":1}},"locations":[{"start":{"line":11,"column":21},"end":{"line":32,"column":1}}]},"1":{"type":"branch","line":16,"loc":{"start":{"line":16,"column":30},"end":{"line":18,"column":5}},"locations":[{"start":{"line":16,"column":30},"end":{"line":18,"column":5}}]},"2":{"type":"branch","line":18,"loc":{"start":{"line":18,"column":4},"end":{"line":29,"column":46}},"locations":[{"start":{"line":18,"column":4},"end":{"line":29,"column":46}}]},"3":{"type":"branch","line":18,"loc":{"start":{"line":18,"column":4},"end":{"line":29,"column":37}},"locations":[{"start":{"line":18,"column":4},"end":{"line":29,"column":37}}]},"4":{"type":"branch","line":29,"loc":{"start":{"line":29,"column":26},"end":{"line":29,"column":46}},"locations":[{"start":{"line":29,"column":26},"end":{"line":29,"column":46}}]},"5":{"type":"branch","line":20,"loc":{"start":{"line":20,"column":15},"end":{"line":22,"column":7}},"locations":[{"start":{"line":20,"column":15},"end":{"line":22,"column":7}}]}},"b":{"0":[6],"1":[4],"2":[3],"3":[2],"4":[0],"5":[1]},"fnMap":{"0":{"name":"AlertMessage","decl":{"start":{"line":11,"column":21},"end":{"line":32,"column":1}},"loc":{"start":{"line":11,"column":21},"end":{"line":32,"column":1}},"line":11}},"f":{"0":6}}
,"C:\\Users\\sande\\Documents\\GitHub\\axgrid\\client\\src\\components\\AxpoLogo.tsx": {"path":"C:\\Users\\sande\\Documents\\GitHub\\axgrid\\client\\src\\components\\AxpoLogo.tsx","all":false,"statementMap":{"0":{"start":{"line":1,"column":0},"end":{"line":1,"column":24}},"1":{"start":{"line":2,"column":0},"end":{"line":2,"column":12}},"2":{"start":{"line":3,"column":0},"end":{"line":3,"column":35}},"3":{"start":{"line":4,"column":0},"end":{"line":4,"column":36}},"4":{"start":{"line":5,"column":0},"end":{"line":5,"column":18}},"5":{"start":{"line":6,"column":0},"end":{"line":6,"column":31}},"6":{"start":{"line":7,"column":0},"end":{"line":7,"column":43}},"7":{"start":{"line":8,"column":0},"end":{"line":8,"column":27}},"8":{"start":{"line":9,"column":0},"end":{"line":9,"column":28}},"9":{"start":{"line":10,"column":0},"end":{"line":10,"column":29}},"10":{"start":{"line":11,"column":0},"end":{"line":11,"column":28}},"11":{"start":{"line":12,"column":0},"end":{"line":12,"column":17}},"12":{"start":{"line":13,"column":0},"end":{"line":13,"column":25}},"13":{"start":{"line":14,"column":0},"end":{"line":14,"column":35}},"14":{"start":{"line":15,"column":0},"end":{"line":15,"column":32}},"15":{"start":{"line":16,"column":0},"end":{"line":16,"column":57}},"16":{"start":{"line":17,"column":0},"end":{"line":17,"column":45}},"17":{"start":{"line":18,"column":0},"end":{"line":18,"column":26}},"18":{"start":{"line":19,"column":0},"end":{"line":19,"column":22}},"19":{"start":{"line":20,"column":0},"end":{"line":20,"column":25}},"20":{"start":{"line":21,"column":0},"end":{"line":21,"column":36}},"21":{"start":{"line":22,"column":0},"end":{"line":22,"column":32}},"22":{"start":{"line":23,"column":0},"end":{"line":23,"column":57}},"23":{"start":{"line":24,"column":0},"end":{"line":24,"column":45}},"24":{"start":{"line":25,"column":0},"end":{"line":25,"column":26}},"25":{"start":{"line":26,"column":0},"end":{"line":26,"column":22}},"26":{"start":{"line":27,"column":0},"end":{"line":27,"column":25}},"27":{"start":{"line":28,"column":0},"end":{"line":28,"column":36}},"28":{"start":{"line":29,"column":0},"end":{"line":29,"column":32}},"29":{"start":{"line":30,"column":0},"end":{"line":30,"column":57}},"30":{"start":{"line":31,"column":0},"end":{"line":31,"column":45}},"31":{"start":{"line":32,"column":0},"end":{"line":32,"column":26}},"32":{"start":{"line":33,"column":0},"end":{"line":33,"column":22}},"33":{"start":{"line":34,"column":0},"end":{"line":34,"column":25}},"34":{"start":{"line":35,"column":0},"end":{"line":35,"column":36}},"35":{"start":{"line":36,"column":0},"end":{"line":36,"column":32}},"36":{"start":{"line":37,"column":0},"end":{"line":37,"column":56}},"37":{"start":{"line":38,"column":0},"end":{"line":38,"column":45}},"38":{"start":{"line":39,"column":0},"end":{"line":39,"column":26}},"39":{"start":{"line":40,"column":0},"end":{"line":40,"column":22}},"40":{"start":{"line":41,"column":0},"end":{"line":41,"column":25}},"41":{"start":{"line":42,"column":0},"end":{"line":42,"column":36}},"42":{"start":{"line":43,"column":0},"end":{"line":43,"column":32}},"43":{"start":{"line":44,"column":0},"end":{"line":44,"column":57}},"44":{"start":{"line":45,"column":0},"end":{"line":45,"column":45}},"45":{"start":{"line":46,"column":0},"end":{"line":46,"column":26}},"46":{"start":{"line":47,"column":0},"end":{"line":47,"column":22}},"47":{"start":{"line":48,"column":0},"end":{"line":48,"column":25}},"48":{"start":{"line":49,"column":0},"end":{"line":49,"column":36}},"49":{"start":{"line":50,"column":0},"end":{"line":50,"column":32}},"50":{"start":{"line":51,"column":0},"end":{"line":51,"column":57}},"51":{"start":{"line":52,"column":0},"end":{"line":52,"column":45}},"52":{"start":{"line":53,"column":0},"end":{"line":53,"column":26}},"53":{"start":{"line":54,"column":0},"end":{"line":54,"column":22}},"54":{"start":{"line":55,"column":0},"end":{"line":55,"column":25}},"55":{"start":{"line":56,"column":0},"end":{"line":56,"column":36}},"56":{"start":{"line":57,"column":0},"end":{"line":57,"column":32}},"57":{"start":{"line":58,"column":0},"end":{"line":58,"column":57}},"58":{"start":{"line":59,"column":0},"end":{"line":59,"column":45}},"59":{"start":{"line":60,"column":0},"end":{"line":60,"column":26}},"60":{"start":{"line":61,"column":0},"end":{"line":61,"column":22}},"61":{"start":{"line":62,"column":0},"end":{"line":62,"column":33}},"62":{"start":{"line":63,"column":0},"end":{"line":63,"column":19}},"63":{"start":{"line":64,"column":0},"end":{"line":64,"column":28}},"64":{"start":{"line":65,"column":0},"end":{"line":65,"column":69}},"65":{"start":{"line":66,"column":0},"end":{"line":66,"column":21}},"66":{"start":{"line":67,"column":0},"end":{"line":67,"column":32}},"67":{"start":{"line":68,"column":0},"end":{"line":68,"column":65}},"68":{"start":{"line":69,"column":0},"end":{"line":69,"column":1293}},"69":{"start":{"line":70,"column":0},"end":{"line":70,"column":24}},"70":{"start":{"line":71,"column":0},"end":{"line":71,"column":19}},"71":{"start":{"line":72,"column":0},"end":{"line":72,"column":33}},"72":{"start":{"line":73,"column":0},"end":{"line":73,"column":21}},"73":{"start":{"line":74,"column":0},"end":{"line":74,"column":43}},"74":{"start":{"line":75,"column":0},"end":{"line":75,"column":32}},"75":{"start":{"line":76,"column":0},"end":{"line":76,"column":33}},"76":{"start":{"line":77,"column":0},"end":{"line":77,"column":51}},"77":{"start":{"line":78,"column":0},"end":{"line":78,"column":24}},"78":{"start":{"line":79,"column":0},"end":{"line":79,"column":16}},"79":{"start":{"line":80,"column":0},"end":{"line":80,"column":14}},"80":{"start":{"line":81,"column":0},"end":{"line":81,"column":5}},"81":{"start":{"line":82,"column":0},"end":{"line":82,"column":1}},"82":{"start":{"line":83,"column":0},"end":{"line":83,"column":0}},"83":{"start":{"line":84,"column":0},"end":{"line":84,"column":23}}},"s":{"0":1,"1":11,"2":11,"3":11,"4":11,"5":11,"6":11,"7":11,"8":11,"9":11,"10":11,"11":11,"12":11,"13":11,"14":11,"15":11,"16":11,"17":11,"18":11,"19":11,"20":11,"21":11,"22":11,"23":11,"24":11,"25":11,"26":11,"27":11,"28":11,"29":11,"30":11,"31":11,"32":11,"33":11,"34":11,"35":11,"36":11,"37":11,"38":11,"39":11,"40":11,"41":11,"42":11,"43":11,"44":11,"45":11,"46":11,"47":11,"48":11,"49":11,"50":11,"51":11,"52":11,"53":11,"54":11,"55":11,"56":11,"57":11,"58":11,"59":11,"60":11,"61":11,"62":11,"63":11,"64":11,"65":11,"66":11,"67":11,"68":11,"69":11,"70":11,"71":11,"72":11,"73":11,"74":11,"75":11,"76":11,"77":11,"78":11,"79":11,"80":11,"81":11,"82":1,"83":1},"branchMap":{"0":{"type":"branch","line":1,"loc":{"start":{"line":1,"column":17},"end":{"line":82,"column":1}},"locations":[{"start":{"line":1,"column":17},"end":{"line":82,"column":1}}]}},"b":{"0":[11]},"fnMap":{"0":{"name":"AxpoLogo","decl":{"start":{"line":1,"column":17},"end":{"line":82,"column":1}},"loc":{"start":{"line":1,"column":17},"end":{"line":82,"column":1}},"line":1}},"f":{"0":11}}
,"C:\\Users\\sande\\Documents\\GitHub\\axgrid\\client\\src\\components\\ClickToCreateTrade.tsx": {"path":"C:\\Users\\sande\\Documents\\GitHub\\axgrid\\client\\src\\components\\ClickToCreateTrade.tsx","all":false,"statementMap":{"0":{"start":{"line":1,"column":0},"end":{"line":1,"column":32}},"1":{"start":{"line":2,"column":0},"end":{"line":2,"column":47}},"2":{"start":{"line":3,"column":0},"end":{"line":3,"column":37}},"3":{"start":{"line":4,"column":0},"end":{"line":4,"column":0}},"4":{"start":{"line":5,"column":0},"end":{"line":5,"column":34}},"5":{"start":{"line":6,"column":0},"end":{"line":6,"column":51}},"6":{"start":{"line":7,"column":0},"end":{"line":7,"column":0}},"7":{"start":{"line":8,"column":0},"end":{"line":8,"column":12}},"8":{"start":{"line":9,"column":0},"end":{"line":9,"column":86}},"9":{"start":{"line":10,"column":0},"end":{"line":10,"column":13}},"10":{"start":{"line":11,"column":0},"end":{"line":11,"column":20}},"11":{"start":{"line":12,"column":0},"end":{"line":12,"column":64}},"12":{"start":{"line":13,"column":0},"end":{"line":13,"column":53}},"13":{"start":{"line":14,"column":0},"end":{"line":14,"column":17}},"14":{"start":{"line":15,"column":0},"end":{"line":15,"column":32}},"15":{"start":{"line":16,"column":0},"end":{"line":16,"column":22}},"16":{"start":{"line":17,"column":0},"end":{"line":17,"column":13}},"17":{"start":{"line":18,"column":0},"end":{"line":18,"column":0}},"18":{"start":{"line":19,"column":0},"end":{"line":19,"column":52}},"19":{"start":{"line":20,"column":0},"end":{"line":20,"column":43}},"20":{"start":{"line":21,"column":0},"end":{"line":21,"column":17}},"21":{"start":{"line":22,"column":0},"end":{"line":22,"column":0}},"22":{"start":{"line":23,"column":0},"end":{"line":23,"column":25}},"23":{"start":{"line":24,"column":0},"end":{"line":24,"column":68}},"24":{"start":{"line":25,"column":0},"end":{"line":25,"column":21}},"25":{"start":{"line":26,"column":0},"end":{"line":26,"column":14}},"26":{"start":{"line":27,"column":0},"end":{"line":27,"column":5}},"27":{"start":{"line":28,"column":0},"end":{"line":28,"column":1}},"28":{"start":{"line":29,"column":0},"end":{"line":29,"column":0}},"29":{"start":{"line":30,"column":0},"end":{"line":30,"column":33}}},"s":{"0":1,"1":1,"2":1,"3":1,"4":1,"5":11,"6":11,"7":11,"8":11,"9":11,"10":11,"11":11,"12":11,"13":11,"14":11,"15":11,"16":11,"17":11,"18":11,"19":11,"20":11,"21":11,"22":11,"23":2,"24":9,"25":11,"26":11,"27":11,"28":1,"29":1},"branchMap":{"0":{"type":"branch","line":5,"loc":{"start":{"line":5,"column":27},"end":{"line":28,"column":1}},"locations":[{"start":{"line":5,"column":27},"end":{"line":28,"column":1}}]},"1":{"type":"branch","line":23,"loc":{"start":{"line":23,"column":13},"end":{"line":24,"column":68}},"locations":[{"start":{"line":23,"column":13},"end":{"line":24,"column":68}}]},"2":{"type":"branch","line":24,"loc":{"start":{"line":24,"column":66},"end":{"line":25,"column":21}},"locations":[{"start":{"line":24,"column":66},"end":{"line":25,"column":21}}]},"3":{"type":"branch","line":13,"loc":{"start":{"line":13,"column":29},"end":{"line":13,"column":53}},"locations":[{"start":{"line":13,"column":29},"end":{"line":13,"column":53}}]},"4":{"type":"branch","line":24,"loc":{"start":{"line":24,"column":40},"end":{"line":24,"column":66}},"locations":[{"start":{"line":24,"column":40},"end":{"line":24,"column":66}}]}},"b":{"0":[11],"1":[2],"2":[9],"3":[2],"4":[1]},"fnMap":{"0":{"name":"ClickToCreateTrade","decl":{"start":{"line":5,"column":27},"end":{"line":28,"column":1}},"loc":{"start":{"line":5,"column":27},"end":{"line":28,"column":1}},"line":5},"1":{"name":"onClick","decl":{"start":{"line":13,"column":29},"end":{"line":13,"column":53}},"loc":{"start":{"line":13,"column":29},"end":{"line":13,"column":53}},"line":13},"2":{"name":"closeForm","decl":{"start":{"line":24,"column":40},"end":{"line":24,"column":66}},"loc":{"start":{"line":24,"column":40},"end":{"line":24,"column":66}},"line":24}},"f":{"0":11,"1":2,"2":1}}
,"C:\\Users\\sande\\Documents\\GitHub\\axgrid\\client\\src\\components\\DynamicFields.tsx": {"path":"C:\\Users\\sande\\Documents\\GitHub\\axgrid\\client\\src\\components\\DynamicFields.tsx","all":false,"statementMap":{"0":{"start":{"line":1,"column":0},"end":{"line":1,"column":48}},"1":{"start":{"line":2,"column":0},"end":{"line":2,"column":49}},"2":{"start":{"line":3,"column":0},"end":{"line":3,"column":8}},"3":{"start":{"line":4,"column":0},"end":{"line":4,"column":14}},"4":{"start":{"line":5,"column":0},"end":{"line":5,"column":13}},"5":{"start":{"line":6,"column":0},"end":{"line":6,"column":13}},"6":{"start":{"line":7,"column":0},"end":{"line":7,"column":10}},"7":{"start":{"line":8,"column":0},"end":{"line":8,"column":21}},"8":{"start":{"line":9,"column":0},"end":{"line":9,"column":14}},"9":{"start":{"line":10,"column":0},"end":{"line":10,"column":10}},"10":{"start":{"line":11,"column":0},"end":{"line":11,"column":15}},"11":{"start":{"line":12,"column":0},"end":{"line":12,"column":16}},"12":{"start":{"line":13,"column":0},"end":{"line":13,"column":14}},"13":{"start":{"line":14,"column":0},"end":{"line":14,"column":22}},"14":{"start":{"line":15,"column":0},"end":{"line":15,"column":39}},"15":{"start":{"line":16,"column":0},"end":{"line":16,"column":0}},"16":{"start":{"line":17,"column":0},"end":{"line":17,"column":31}},"17":{"start":{"line":18,"column":0},"end":{"line":18,"column":23}},"18":{"start":{"line":19,"column":0},"end":{"line":19,"column":19}},"19":{"start":{"line":20,"column":0},"end":{"line":20,"column":15}},"20":{"start":{"line":21,"column":0},"end":{"line":21,"column":17}},"21":{"start":{"line":22,"column":0},"end":{"line":22,"column":23}},"22":{"start":{"line":23,"column":0},"end":{"line":23,"column":22}},"23":{"start":{"line":24,"column":0},"end":{"line":24,"column":16}},"24":{"start":{"line":25,"column":0},"end":{"line":25,"column":15}},"25":{"start":{"line":26,"column":0},"end":{"line":26,"column":25}},"26":{"start":{"line":27,"column":0},"end":{"line":27,"column":41}},"27":{"start":{"line":28,"column":0},"end":{"line":28,"column":55}},"28":{"start":{"line":29,"column":0},"end":{"line":29,"column":32}},"29":{"start":{"line":30,"column":0},"end":{"line":30,"column":35}},"30":{"start":{"line":31,"column":0},"end":{"line":31,"column":32}},"31":{"start":{"line":32,"column":0},"end":{"line":32,"column":71}},"32":{"start":{"line":33,"column":0},"end":{"line":33,"column":20}},"33":{"start":{"line":34,"column":0},"end":{"line":34,"column":15}},"34":{"start":{"line":35,"column":0},"end":{"line":35,"column":16}},"35":{"start":{"line":36,"column":0},"end":{"line":36,"column":5}},"36":{"start":{"line":37,"column":0},"end":{"line":37,"column":0}},"37":{"start":{"line":38,"column":0},"end":{"line":38,"column":34}},"38":{"start":{"line":39,"column":0},"end":{"line":39,"column":50}},"39":{"start":{"line":40,"column":0},"end":{"line":40,"column":10}},"40":{"start":{"line":41,"column":0},"end":{"line":41,"column":76}},"41":{"start":{"line":42,"column":0},"end":{"line":42,"column":26}},"42":{"start":{"line":43,"column":0},"end":{"line":43,"column":29}},"43":{"start":{"line":44,"column":0},"end":{"line":44,"column":47}},"44":{"start":{"line":45,"column":0},"end":{"line":45,"column":10}},"45":{"start":{"line":46,"column":0},"end":{"line":46,"column":5}},"46":{"start":{"line":47,"column":0},"end":{"line":47,"column":0}},"47":{"start":{"line":48,"column":0},"end":{"line":48,"column":24}},"48":{"start":{"line":49,"column":0},"end":{"line":49,"column":22}},"49":{"start":{"line":50,"column":0},"end":{"line":50,"column":20}},"50":{"start":{"line":51,"column":0},"end":{"line":51,"column":67}},"51":{"start":{"line":52,"column":0},"end":{"line":52,"column":58}},"52":{"start":{"line":53,"column":0},"end":{"line":53,"column":66}},"53":{"start":{"line":54,"column":0},"end":{"line":54,"column":30}},"54":{"start":{"line":55,"column":0},"end":{"line":55,"column":42}},"55":{"start":{"line":56,"column":0},"end":{"line":56,"column":44}},"56":{"start":{"line":57,"column":0},"end":{"line":57,"column":41}},"57":{"start":{"line":58,"column":0},"end":{"line":58,"column":41}},"58":{"start":{"line":59,"column":0},"end":{"line":59,"column":51}},"59":{"start":{"line":60,"column":0},"end":{"line":60,"column":60}},"60":{"start":{"line":61,"column":0},"end":{"line":61,"column":46}},"61":{"start":{"line":62,"column":0},"end":{"line":62,"column":38}},"62":{"start":{"line":63,"column":0},"end":{"line":63,"column":30}},"63":{"start":{"line":64,"column":0},"end":{"line":64,"column":55}},"64":{"start":{"line":65,"column":0},"end":{"line":65,"column":55}},"65":{"start":{"line":66,"column":0},"end":{"line":66,"column":26}},"66":{"start":{"line":67,"column":0},"end":{"line":67,"column":26}},"67":{"start":{"line":68,"column":0},"end":{"line":68,"column":46}},"68":{"start":{"line":69,"column":0},"end":{"line":69,"column":69}},"69":{"start":{"line":70,"column":0},"end":{"line":70,"column":38}},"70":{"start":{"line":71,"column":0},"end":{"line":71,"column":45}},"71":{"start":{"line":72,"column":0},"end":{"line":72,"column":38}},"72":{"start":{"line":73,"column":0},"end":{"line":73,"column":75}},"73":{"start":{"line":74,"column":0},"end":{"line":74,"column":61}},"74":{"start":{"line":75,"column":0},"end":{"line":75,"column":29}},"75":{"start":{"line":76,"column":0},"end":{"line":76,"column":61}},"76":{"start":{"line":77,"column":0},"end":{"line":77,"column":45}},"77":{"start":{"line":78,"column":0},"end":{"line":78,"column":64}},"78":{"start":{"line":79,"column":0},"end":{"line":79,"column":58}},"79":{"start":{"line":80,"column":0},"end":{"line":80,"column":37}},"80":{"start":{"line":81,"column":0},"end":{"line":81,"column":67}},"81":{"start":{"line":82,"column":0},"end":{"line":82,"column":47}},"82":{"start":{"line":83,"column":0},"end":{"line":83,"column":35}},"83":{"start":{"line":84,"column":0},"end":{"line":84,"column":40}},"84":{"start":{"line":85,"column":0},"end":{"line":85,"column":30}},"85":{"start":{"line":86,"column":0},"end":{"line":86,"column":29}},"86":{"start":{"line":87,"column":0},"end":{"line":87,"column":22}},"87":{"start":{"line":88,"column":0},"end":{"line":88,"column":13}},"88":{"start":{"line":89,"column":0},"end":{"line":89,"column":0}},"89":{"start":{"line":90,"column":0},"end":{"line":90,"column":20}},"90":{"start":{"line":91,"column":0},"end":{"line":91,"column":20}},"91":{"start":{"line":92,"column":0},"end":{"line":92,"column":18}},"92":{"start":{"line":93,"column":0},"end":{"line":93,"column":62}},"93":{"start":{"line":94,"column":0},"end":{"line":94,"column":26}},"94":{"start":{"line":95,"column":0},"end":{"line":95,"column":38}},"95":{"start":{"line":96,"column":0},"end":{"line":96,"column":40}},"96":{"start":{"line":97,"column":0},"end":{"line":97,"column":56}},"97":{"start":{"line":98,"column":0},"end":{"line":98,"column":51}},"98":{"start":{"line":99,"column":0},"end":{"line":99,"column":44}},"99":{"start":{"line":100,"column":0},"end":{"line":100,"column":22}},"100":{"start":{"line":101,"column":0},"end":{"line":101,"column":19}},"101":{"start":{"line":102,"column":0},"end":{"line":102,"column":13}},"102":{"start":{"line":103,"column":0},"end":{"line":103,"column":0}},"103":{"start":{"line":104,"column":0},"end":{"line":104,"column":20}},"104":{"start":{"line":105,"column":0},"end":{"line":105,"column":20}},"105":{"start":{"line":106,"column":0},"end":{"line":106,"column":26}},"106":{"start":{"line":107,"column":0},"end":{"line":107,"column":33}},"107":{"start":{"line":108,"column":0},"end":{"line":108,"column":36}},"108":{"start":{"line":109,"column":0},"end":{"line":109,"column":52}},"109":{"start":{"line":110,"column":0},"end":{"line":110,"column":47}},"110":{"start":{"line":111,"column":0},"end":{"line":111,"column":40}},"111":{"start":{"line":112,"column":0},"end":{"line":112,"column":18}},"112":{"start":{"line":113,"column":0},"end":{"line":113,"column":13}},"113":{"start":{"line":114,"column":0},"end":{"line":114,"column":0}},"114":{"start":{"line":115,"column":0},"end":{"line":115,"column":24}},"115":{"start":{"line":116,"column":0},"end":{"line":116,"column":20}},"116":{"start":{"line":117,"column":0},"end":{"line":117,"column":26}},"117":{"start":{"line":118,"column":0},"end":{"line":118,"column":33}},"118":{"start":{"line":119,"column":0},"end":{"line":119,"column":26}},"119":{"start":{"line":120,"column":0},"end":{"line":120,"column":52}},"120":{"start":{"line":121,"column":0},"end":{"line":121,"column":47}},"121":{"start":{"line":122,"column":0},"end":{"line":122,"column":40}},"122":{"start":{"line":123,"column":0},"end":{"line":123,"column":17}},"123":{"start":{"line":124,"column":0},"end":{"line":124,"column":47}},"124":{"start":{"line":125,"column":0},"end":{"line":125,"column":58}},"125":{"start":{"line":126,"column":0},"end":{"line":126,"column":40}},"126":{"start":{"line":127,"column":0},"end":{"line":127,"column":25}},"127":{"start":{"line":128,"column":0},"end":{"line":128,"column":32}},"128":{"start":{"line":129,"column":0},"end":{"line":129,"column":78}},"129":{"start":{"line":130,"column":0},"end":{"line":130,"column":56}},"130":{"start":{"line":131,"column":0},"end":{"line":131,"column":39}},"131":{"start":{"line":132,"column":0},"end":{"line":132,"column":25}},"132":{"start":{"line":133,"column":0},"end":{"line":133,"column":23}},"133":{"start":{"line":134,"column":0},"end":{"line":134,"column":28}},"134":{"start":{"line":135,"column":0},"end":{"line":135,"column":13}},"135":{"start":{"line":136,"column":0},"end":{"line":136,"column":9}},"136":{"start":{"line":137,"column":0},"end":{"line":137,"column":0}},"137":{"start":{"line":138,"column":0},"end":{"line":138,"column":26}},"138":{"start":{"line":139,"column":0},"end":{"line":139,"column":20}},"139":{"start":{"line":140,"column":0},"end":{"line":140,"column":50}},"140":{"start":{"line":141,"column":0},"end":{"line":141,"column":66}},"141":{"start":{"line":142,"column":0},"end":{"line":142,"column":31}},"142":{"start":{"line":143,"column":0},"end":{"line":143,"column":28}},"143":{"start":{"line":144,"column":0},"end":{"line":144,"column":54}},"144":{"start":{"line":145,"column":0},"end":{"line":145,"column":58}},"145":{"start":{"line":146,"column":0},"end":{"line":146,"column":40}},"146":{"start":{"line":147,"column":0},"end":{"line":147,"column":25}},"147":{"start":{"line":148,"column":0},"end":{"line":148,"column":32}},"148":{"start":{"line":149,"column":0},"end":{"line":149,"column":45}},"149":{"start":{"line":150,"column":0},"end":{"line":150,"column":64}},"150":{"start":{"line":151,"column":0},"end":{"line":151,"column":41}},"151":{"start":{"line":152,"column":0},"end":{"line":152,"column":45}},"152":{"start":{"line":153,"column":0},"end":{"line":153,"column":53}},"153":{"start":{"line":154,"column":0},"end":{"line":154,"column":70}},"154":{"start":{"line":155,"column":0},"end":{"line":155,"column":50}},"155":{"start":{"line":156,"column":0},"end":{"line":156,"column":42}},"156":{"start":{"line":157,"column":0},"end":{"line":157,"column":71}},"157":{"start":{"line":158,"column":0},"end":{"line":158,"column":61}},"158":{"start":{"line":159,"column":0},"end":{"line":159,"column":49}},"159":{"start":{"line":160,"column":0},"end":{"line":160,"column":58}},"160":{"start":{"line":161,"column":0},"end":{"line":161,"column":85}},"161":{"start":{"line":162,"column":0},"end":{"line":162,"column":54}},"162":{"start":{"line":163,"column":0},"end":{"line":163,"column":41}},"163":{"start":{"line":164,"column":0},"end":{"line":164,"column":38}},"164":{"start":{"line":165,"column":0},"end":{"line":165,"column":33}},"165":{"start":{"line":166,"column":0},"end":{"line":166,"column":47}},"166":{"start":{"line":167,"column":0},"end":{"line":167,"column":30}},"167":{"start":{"line":168,"column":0},"end":{"line":168,"column":25}},"168":{"start":{"line":169,"column":0},"end":{"line":169,"column":23}},"169":{"start":{"line":170,"column":0},"end":{"line":170,"column":28}},"170":{"start":{"line":171,"column":0},"end":{"line":171,"column":13}},"171":{"start":{"line":172,"column":0},"end":{"line":172,"column":9}},"172":{"start":{"line":173,"column":0},"end":{"line":173,"column":0}},"173":{"start":{"line":174,"column":0},"end":{"line":174,"column":23}},"174":{"start":{"line":175,"column":0},"end":{"line":175,"column":20}},"175":{"start":{"line":176,"column":0},"end":{"line":176,"column":48}},"176":{"start":{"line":177,"column":0},"end":{"line":177,"column":62}},"177":{"start":{"line":178,"column":0},"end":{"line":178,"column":31}},"178":{"start":{"line":179,"column":0},"end":{"line":179,"column":51}},"179":{"start":{"line":180,"column":0},"end":{"line":180,"column":27}},"180":{"start":{"line":181,"column":0},"end":{"line":181,"column":51}},"181":{"start":{"line":182,"column":0},"end":{"line":182,"column":21}},"182":{"start":{"line":183,"column":0},"end":{"line":183,"column":58}},"183":{"start":{"line":184,"column":0},"end":{"line":184,"column":36}},"184":{"start":{"line":185,"column":0},"end":{"line":185,"column":49}},"185":{"start":{"line":186,"column":0},"end":{"line":186,"column":68}},"186":{"start":{"line":187,"column":0},"end":{"line":187,"column":69}},"187":{"start":{"line":188,"column":0},"end":{"line":188,"column":55}},"188":{"start":{"line":189,"column":0},"end":{"line":189,"column":51}},"189":{"start":{"line":190,"column":0},"end":{"line":190,"column":51}},"190":{"start":{"line":191,"column":0},"end":{"line":191,"column":34}},"191":{"start":{"line":192,"column":0},"end":{"line":192,"column":29}},"192":{"start":{"line":193,"column":0},"end":{"line":193,"column":27}},"193":{"start":{"line":194,"column":0},"end":{"line":194,"column":33}},"194":{"start":{"line":195,"column":0},"end":{"line":195,"column":30}},"195":{"start":{"line":196,"column":0},"end":{"line":196,"column":13}},"196":{"start":{"line":197,"column":0},"end":{"line":197,"column":9}},"197":{"start":{"line":198,"column":0},"end":{"line":198,"column":0}},"198":{"start":{"line":199,"column":0},"end":{"line":199,"column":16}},"199":{"start":{"line":200,"column":0},"end":{"line":200,"column":20}},"200":{"start":{"line":201,"column":0},"end":{"line":201,"column":18}},"201":{"start":{"line":202,"column":0},"end":{"line":202,"column":30}},"202":{"start":{"line":203,"column":0},"end":{"line":203,"column":37}},"203":{"start":{"line":204,"column":0},"end":{"line":204,"column":35}},"204":{"start":{"line":205,"column":0},"end":{"line":205,"column":56}},"205":{"start":{"line":206,"column":0},"end":{"line":206,"column":51}},"206":{"start":{"line":207,"column":0},"end":{"line":207,"column":22}},"207":{"start":{"line":208,"column":0},"end":{"line":208,"column":19}},"208":{"start":{"line":209,"column":0},"end":{"line":209,"column":13}},"209":{"start":{"line":210,"column":0},"end":{"line":210,"column":5}},"210":{"start":{"line":211,"column":0},"end":{"line":211,"column":1}}},"s":{"0":1,"1":1,"2":1,"3":1,"4":1,"5":1,"6":1,"7":1,"8":1,"9":1,"10":1,"11":1,"12":1,"13":1,"14":1,"15":1,"16":1,"17":119,"18":119,"19":119,"20":119,"21":119,"22":119,"23":119,"24":119,"25":119,"26":119,"27":119,"28":119,"29":2,"30":2,"31":7,"32":2,"33":2,"34":117,"35":119,"36":119,"37":119,"38":0,"39":0,"40":0,"41":0,"42":0,"43":0,"44":0,"45":0,"46":119,"47":119,"48":119,"49":43,"50":43,"51":43,"52":43,"53":43,"54":43,"55":43,"56":43,"57":43,"58":43,"59":13,"60":30,"61":43,"62":43,"63":43,"64":43,"65":43,"66":43,"67":43,"68":13,"69":13,"70":13,"71":13,"72":13,"73":13,"74":13,"75":13,"76":26,"77":26,"78":26,"79":26,"80":26,"81":26,"82":13,"83":13,"84":13,"85":30,"86":43,"87":119,"88":119,"89":119,"90":12,"91":12,"92":12,"93":12,"94":12,"95":12,"96":12,"97":12,"98":12,"99":12,"100":12,"101":119,"102":119,"103":119,"104":31,"105":31,"106":31,"107":31,"108":31,"109":31,"110":31,"111":31,"112":119,"113":119,"114":119,"115":26,"116":26,"117":26,"118":26,"119":26,"120":26,"121":26,"122":26,"123":26,"124":77,"125":0,"126":0,"127":77,"128":77,"129":77,"130":77,"131":77,"132":26,"133":26,"134":26,"135":26,"136":119,"137":119,"138":2,"139":2,"140":2,"141":2,"142":2,"143":2,"144":7,"145":0,"146":0,"147":7,"148":7,"149":7,"150":7,"151":7,"152":7,"153":7,"154":7,"155":7,"156":7,"157":7,"158":7,"159":7,"160":7,"161":7,"162":7,"163":7,"164":7,"165":7,"166":7,"167":7,"168":2,"169":2,"170":2,"171":2,"172":119,"173":119,"174":4,"175":4,"176":4,"177":4,"178":4,"179":4,"180":4,"181":4,"182":4,"183":8,"184":8,"185":8,"186":8,"187":8,"188":8,"189":8,"190":8,"191":8,"192":4,"193":4,"194":4,"195":4,"196":4,"197":119,"198":119,"199":1,"200":1,"201":1,"202":1,"203":1,"204":1,"205":1,"206":1,"207":1,"208":119,"209":119,"210":119},"branchMap":{"0":{"type":"branch","line":17,"loc":{"start":{"line":17,"column":29},"end":{"line":211,"column":1}},"locations":[{"start":{"line":17,"column":29},"end":{"line":211,"column":1}}]},"1":{"type":"branch","line":29,"loc":{"start":{"line":29,"column":22},"end":{"line":34,"column":15}},"locations":[{"start":{"line":29,"column":22},"end":{"line":34,"column":15}}]},"2":{"type":"branch","line":34,"loc":{"start":{"line":34,"column":14},"end":{"line":35,"column":16}},"locations":[{"start":{"line":34,"column":14},"end":{"line":35,"column":16}}]},"3":{"type":"branch","line":49,"loc":{"start":{"line":49,"column":8},"end":{"line":87,"column":22}},"locations":[{"start":{"line":49,"column":8},"end":{"line":87,"column":22}}]},"4":{"type":"branch","line":59,"loc":{"start":{"line":59,"column":42},"end":{"line":60,"column":60}},"locations":[{"start":{"line":59,"column":42},"end":{"line":60,"column":60}}]},"5":{"type":"branch","line":60,"loc":{"start":{"line":60,"column":48},"end":{"line":61,"column":46}},"locations":[{"start":{"line":60,"column":48},"end":{"line":61,"column":46}}]},"6":{"type":"branch","line":68,"loc":{"start":{"line":68,"column":36},"end":{"line":85,"column":30}},"locations":[{"start":{"line":68,"column":36},"end":{"line":85,"column":30}}]},"7":{"type":"branch","line":85,"loc":{"start":{"line":85,"column":24},"end":{"line":86,"column":29}},"locations":[{"start":{"line":85,"column":24},"end":{"line":86,"column":29}}]},"8":{"type":"branch","line":90,"loc":{"start":{"line":90,"column":8},"end":{"line":101,"column":19}},"locations":[{"start":{"line":90,"column":8},"end":{"line":101,"column":19}}]},"9":{"type":"branch","line":104,"loc":{"start":{"line":104,"column":8},"end":{"line":112,"column":18}},"locations":[{"start":{"line":104,"column":8},"end":{"line":112,"column":18}}]},"10":{"type":"branch","line":115,"loc":{"start":{"line":115,"column":8},"end":{"line":136,"column":9}},"locations":[{"start":{"line":115,"column":8},"end":{"line":136,"column":9}}]},"11":{"type":"branch","line":138,"loc":{"start":{"line":138,"column":8},"end":{"line":172,"column":9}},"locations":[{"start":{"line":138,"column":8},"end":{"line":172,"column":9}}]},"12":{"type":"branch","line":174,"loc":{"start":{"line":174,"column":8},"end":{"line":197,"column":9}},"locations":[{"start":{"line":174,"column":8},"end":{"line":197,"column":9}}]},"13":{"type":"branch","line":199,"loc":{"start":{"line":199,"column":8},"end":{"line":208,"column":19}},"locations":[{"start":{"line":199,"column":8},"end":{"line":208,"column":19}}]},"14":{"type":"branch","line":31,"loc":{"start":{"line":31,"column":18},"end":{"line":32,"column":71}},"locations":[{"start":{"line":31,"column":18},"end":{"line":32,"column":71}}]},"15":{"type":"branch","line":76,"loc":{"start":{"line":76,"column":43},"end":{"line":82,"column":47}},"locations":[{"start":{"line":76,"column":43},"end":{"line":82,"column":47}}]},"16":{"type":"branch","line":124,"loc":{"start":{"line":124,"column":39},"end":{"line":133,"column":21}},"locations":[{"start":{"line":124,"column":39},"end":{"line":133,"column":21}}]},"17":{"type":"branch","line":125,"loc":{"start":{"line":125,"column":57},"end":{"line":127,"column":25}},"locations":[{"start":{"line":125,"column":57},"end":{"line":127,"column":25}}]},"18":{"type":"branch","line":144,"loc":{"start":{"line":144,"column":39},"end":{"line":169,"column":21}},"locations":[{"start":{"line":144,"column":39},"end":{"line":169,"column":21}}]},"19":{"type":"branch","line":145,"loc":{"start":{"line":145,"column":57},"end":{"line":147,"column":25}},"locations":[{"start":{"line":145,"column":57},"end":{"line":147,"column":25}}]},"20":{"type":"branch","line":162,"loc":{"start":{"line":162,"column":44},"end":{"line":162,"column":54}},"locations":[{"start":{"line":162,"column":44},"end":{"line":162,"column":54}}]},"21":{"type":"branch","line":183,"loc":{"start":{"line":183,"column":43},"end":{"line":193,"column":25}},"locations":[{"start":{"line":183,"column":43},"end":{"line":193,"column":25}}]}},"b":{"0":[119],"1":[2],"2":[117],"3":[43],"4":[13],"5":[30],"6":[13],"7":[30],"8":[12],"9":[31],"10":[26],"11":[2],"12":[4],"13":[1],"14":[7],"15":[26],"16":[77],"17":[0],"18":[7],"19":[0],"20":[5],"21":[8]},"fnMap":{"0":{"name":"DynamicFields","decl":{"start":{"line":17,"column":29},"end":{"line":211,"column":1}},"loc":{"start":{"line":17,"column":29},"end":{"line":211,"column":1}},"line":17},"1":{"name":"handleCheckboxChange","decl":{"start":{"line":38,"column":33},"end":{"line":46,"column":5}},"loc":{"start":{"line":38,"column":33},"end":{"line":46,"column":5}},"line":38}},"f":{"0":119,"1":0}}
,"C:\\Users\\sande\\Documents\\GitHub\\axgrid\\client\\src\\components\\EnergyTypeSelector.tsx": {"path":"C:\\Users\\sande\\Documents\\GitHub\\axgrid\\client\\src\\components\\EnergyTypeSelector.tsx","all":false,"statementMap":{"0":{"start":{"line":1,"column":0},"end":{"line":1,"column":8}},"1":{"start":{"line":2,"column":0},"end":{"line":2,"column":8}},"2":{"start":{"line":3,"column":0},"end":{"line":3,"column":16}},"3":{"start":{"line":4,"column":0},"end":{"line":4,"column":13}},"4":{"start":{"line":5,"column":0},"end":{"line":5,"column":22}},"5":{"start":{"line":6,"column":0},"end":{"line":6,"column":14}},"6":{"start":{"line":7,"column":0},"end":{"line":7,"column":22}},"7":{"start":{"line":8,"column":0},"end":{"line":8,"column":57}},"8":{"start":{"line":9,"column":0},"end":{"line":9,"column":0}},"9":{"start":{"line":10,"column":0},"end":{"line":10,"column":32}},"10":{"start":{"line":11,"column":0},"end":{"line":11,"column":48}},"11":{"start":{"line":12,"column":0},"end":{"line":12,"column":1}},"12":{"start":{"line":13,"column":0},"end":{"line":13,"column":0}},"13":{"start":{"line":14,"column":0},"end":{"line":14,"column":78}},"14":{"start":{"line":15,"column":0},"end":{"line":15,"column":56}},"15":{"start":{"line":16,"column":0},"end":{"line":16,"column":58}},"16":{"start":{"line":17,"column":0},"end":{"line":17,"column":5}},"17":{"start":{"line":18,"column":0},"end":{"line":18,"column":0}},"18":{"start":{"line":19,"column":0},"end":{"line":19,"column":12}},"19":{"start":{"line":20,"column":0},"end":{"line":20,"column":50}},"20":{"start":{"line":21,"column":0},"end":{"line":21,"column":65}},"21":{"start":{"line":22,"column":0},"end":{"line":22,"column":0}},"22":{"start":{"line":23,"column":0},"end":{"line":23,"column":40}},"23":{"start":{"line":24,"column":0},"end":{"line":24,"column":39}},"24":{"start":{"line":25,"column":0},"end":{"line":25,"column":30}},"25":{"start":{"line":26,"column":0},"end":{"line":26,"column":55}},"26":{"start":{"line":27,"column":0},"end":{"line":27,"column":43}},"27":{"start":{"line":28,"column":0},"end":{"line":28,"column":73}},"28":{"start":{"line":29,"column":0},"end":{"line":29,"column":34}},"29":{"start":{"line":30,"column":0},"end":{"line":30,"column":30}},"30":{"start":{"line":31,"column":0},"end":{"line":31,"column":35}},"31":{"start":{"line":32,"column":0},"end":{"line":32,"column":70}},"32":{"start":{"line":33,"column":0},"end":{"line":33,"column":30}},"33":{"start":{"line":34,"column":0},"end":{"line":34,"column":47}},"34":{"start":{"line":35,"column":0},"end":{"line":35,"column":26}},"35":{"start":{"line":36,"column":0},"end":{"line":36,"column":21}},"36":{"start":{"line":37,"column":0},"end":{"line":37,"column":59}},"37":{"start":{"line":38,"column":0},"end":{"line":38,"column":37}},"38":{"start":{"line":39,"column":0},"end":{"line":39,"column":43}},"39":{"start":{"line":40,"column":0},"end":{"line":40,"column":59}},"40":{"start":{"line":41,"column":0},"end":{"line":41,"column":50}},"41":{"start":{"line":42,"column":0},"end":{"line":42,"column":29}},"42":{"start":{"line":43,"column":0},"end":{"line":43,"column":37}},"43":{"start":{"line":44,"column":0},"end":{"line":44,"column":47}},"44":{"start":{"line":45,"column":0},"end":{"line":45,"column":78}},"45":{"start":{"line":46,"column":0},"end":{"line":46,"column":39}},"46":{"start":{"line":47,"column":0},"end":{"line":47,"column":27}},"47":{"start":{"line":48,"column":0},"end":{"line":48,"column":32}},"48":{"start":{"line":49,"column":0},"end":{"line":49,"column":30}},"49":{"start":{"line":50,"column":0},"end":{"line":50,"column":18}},"50":{"start":{"line":51,"column":0},"end":{"line":51,"column":14}},"51":{"start":{"line":52,"column":0},"end":{"line":52,"column":5}},"52":{"start":{"line":53,"column":0},"end":{"line":53,"column":1}},"53":{"start":{"line":54,"column":0},"end":{"line":54,"column":0}},"54":{"start":{"line":55,"column":0},"end":{"line":55,"column":33}}},"s":{"0":1,"1":1,"2":1,"3":1,"4":1,"5":1,"6":1,"7":1,"8":1,"9":1,"10":1,"11":1,"12":1,"13":1,"14":5,"15":1,"16":1,"17":5,"18":5,"19":5,"20":5,"21":5,"22":5,"23":5,"24":5,"25":5,"26":5,"27":5,"28":5,"29":5,"30":5,"31":1,"32":1,"33":1,"34":1,"35":5,"36":5,"37":30,"38":30,"39":30,"40":30,"41":30,"42":30,"43":30,"44":30,"45":30,"46":5,"47":5,"48":5,"49":5,"50":5,"51":5,"52":5,"53":1,"54":1},"branchMap":{"0":{"type":"branch","line":14,"loc":{"start":{"line":14,"column":27},"end":{"line":53,"column":1}},"locations":[{"start":{"line":14,"column":27},"end":{"line":53,"column":1}}]},"1":{"type":"branch","line":15,"loc":{"start":{"line":15,"column":25},"end":{"line":17,"column":5}},"locations":[{"start":{"line":15,"column":25},"end":{"line":17,"column":5}}]},"2":{"type":"branch","line":31,"loc":{"start":{"line":31,"column":34},"end":{"line":35,"column":26}},"locations":[{"start":{"line":31,"column":34},"end":{"line":35,"column":26}}]},"3":{"type":"branch","line":37,"loc":{"start":{"line":37,"column":41},"end":{"line":46,"column":39}},"locations":[{"start":{"line":37,"column":41},"end":{"line":46,"column":39}}]},"4":{"type":"branch","line":41,"loc":{"start":{"line":41,"column":39},"end":{"line":41,"column":50}},"locations":[{"start":{"line":41,"column":39},"end":{"line":41,"column":50}}]}},"b":{"0":[5],"1":[1],"2":[1],"3":[30],"4":[0]},"fnMap":{"0":{"name":"EnergyTypeSelector","decl":{"start":{"line":14,"column":27},"end":{"line":53,"column":1}},"loc":{"start":{"line":14,"column":27},"end":{"line":53,"column":1}},"line":14},"1":{"name":"handleChange","decl":{"start":{"line":15,"column":25},"end":{"line":17,"column":5}},"loc":{"start":{"line":15,"column":25},"end":{"line":17,"column":5}},"line":15},"2":{"name":"onChange","decl":{"start":{"line":31,"column":34},"end":{"line":35,"column":26}},"loc":{"start":{"line":31,"column":34},"end":{"line":35,"column":26}},"line":31}},"f":{"0":5,"1":1,"2":1}}
,"C:\\Users\\sande\\Documents\\GitHub\\axgrid\\client\\src\\components\\Form.tsx": {"path":"C:\\Users\\sande\\Documents\\GitHub\\axgrid\\client\\src\\components\\Form.tsx","all":false,"statementMap":{"0":{"start":{"line":1,"column":0},"end":{"line":1,"column":47}},"1":{"start":{"line":2,"column":0},"end":{"line":2,"column":54}},"2":{"start":{"line":3,"column":0},"end":{"line":3,"column":74}},"3":{"start":{"line":4,"column":0},"end":{"line":4,"column":48}},"4":{"start":{"line":5,"column":0},"end":{"line":5,"column":44}},"5":{"start":{"line":6,"column":0},"end":{"line":6,"column":8}},"6":{"start":{"line":7,"column":0},"end":{"line":7,"column":18}},"7":{"start":{"line":8,"column":0},"end":{"line":8,"column":30}},"8":{"start":{"line":9,"column":0},"end":{"line":9,"column":31}},"9":{"start":{"line":10,"column":0},"end":{"line":10,"column":68}},"10":{"start":{"line":11,"column":0},"end":{"line":11,"column":0}},"11":{"start":{"line":12,"column":0},"end":{"line":12,"column":18}},"12":{"start":{"line":13,"column":0},"end":{"line":13,"column":21}},"13":{"start":{"line":14,"column":0},"end":{"line":14,"column":29}},"14":{"start":{"line":15,"column":0},"end":{"line":15,"column":59}},"15":{"start":{"line":16,"column":0},"end":{"line":16,"column":39}},"16":{"start":{"line":17,"column":0},"end":{"line":17,"column":1}},"17":{"start":{"line":18,"column":0},"end":{"line":18,"column":0}},"18":{"start":{"line":19,"column":0},"end":{"line":19,"column":15}},"19":{"start":{"line":20,"column":0},"end":{"line":20,"column":17}},"20":{"start":{"line":21,"column":0},"end":{"line":21,"column":17}},"21":{"start":{"line":22,"column":0},"end":{"line":22,"column":16}},"22":{"start":{"line":23,"column":0},"end":{"line":23,"column":14}},"23":{"start":{"line":24,"column":0},"end":{"line":24,"column":18}},"24":{"start":{"line":25,"column":0},"end":{"line":25,"column":50}},"25":{"start":{"line":26,"column":0},"end":{"line":26,"column":46}},"26":{"start":{"line":27,"column":0},"end":{"line":27,"column":0}},"27":{"start":{"line":28,"column":0},"end":{"line":28,"column":45}},"28":{"start":{"line":29,"column":0},"end":{"line":29,"column":44}},"29":{"start":{"line":30,"column":0},"end":{"line":30,"column":25}},"30":{"start":{"line":31,"column":0},"end":{"line":31,"column":43}},"31":{"start":{"line":32,"column":0},"end":{"line":32,"column":30}},"32":{"start":{"line":33,"column":0},"end":{"line":33,"column":25}},"33":{"start":{"line":34,"column":0},"end":{"line":34,"column":10}},"34":{"start":{"line":35,"column":0},"end":{"line":35,"column":23}},"35":{"start":{"line":36,"column":0},"end":{"line":36,"column":19}},"36":{"start":{"line":37,"column":0},"end":{"line":37,"column":5}},"37":{"start":{"line":38,"column":0},"end":{"line":38,"column":0}},"38":{"start":{"line":39,"column":0},"end":{"line":39,"column":12}},"39":{"start":{"line":40,"column":0},"end":{"line":40,"column":13}},"40":{"start":{"line":41,"column":0},"end":{"line":41,"column":35}},"41":{"start":{"line":42,"column":0},"end":{"line":42,"column":29}},"42":{"start":{"line":43,"column":0},"end":{"line":43,"column":79}},"43":{"start":{"line":44,"column":0},"end":{"line":44,"column":9}},"44":{"start":{"line":45,"column":0},"end":{"line":45,"column":66}},"45":{"start":{"line":46,"column":0},"end":{"line":46,"column":43}},"46":{"start":{"line":47,"column":0},"end":{"line":47,"column":44}},"47":{"start":{"line":48,"column":0},"end":{"line":48,"column":24}},"48":{"start":{"line":49,"column":0},"end":{"line":49,"column":31}},"49":{"start":{"line":50,"column":0},"end":{"line":50,"column":101}},"50":{"start":{"line":51,"column":0},"end":{"line":51,"column":21}},"51":{"start":{"line":52,"column":0},"end":{"line":52,"column":52}},"52":{"start":{"line":53,"column":0},"end":{"line":53,"column":0}},"53":{"start":{"line":54,"column":0},"end":{"line":54,"column":37}},"54":{"start":{"line":55,"column":0},"end":{"line":55,"column":65}},"55":{"start":{"line":56,"column":0},"end":{"line":56,"column":65}},"56":{"start":{"line":57,"column":0},"end":{"line":57,"column":26}},"57":{"start":{"line":58,"column":0},"end":{"line":58,"column":26}},"58":{"start":{"line":59,"column":0},"end":{"line":59,"column":19}},"59":{"start":{"line":60,"column":0},"end":{"line":60,"column":27}},"60":{"start":{"line":61,"column":0},"end":{"line":61,"column":0}},"61":{"start":{"line":62,"column":0},"end":{"line":62,"column":78}},"62":{"start":{"line":63,"column":0},"end":{"line":63,"column":23}},"63":{"start":{"line":64,"column":0},"end":{"line":64,"column":33}},"64":{"start":{"line":65,"column":0},"end":{"line":65,"column":65}},"65":{"start":{"line":66,"column":0},"end":{"line":66,"column":17}},"66":{"start":{"line":67,"column":0},"end":{"line":67,"column":55}},"67":{"start":{"line":68,"column":0},"end":{"line":68,"column":38}},"68":{"start":{"line":69,"column":0},"end":{"line":69,"column":35}},"69":{"start":{"line":70,"column":0},"end":{"line":70,"column":25}},"70":{"start":{"line":71,"column":0},"end":{"line":71,"column":0}},"71":{"start":{"line":72,"column":0},"end":{"line":72,"column":23}},"72":{"start":{"line":73,"column":0},"end":{"line":73,"column":65}},"73":{"start":{"line":74,"column":0},"end":{"line":74,"column":51}},"74":{"start":{"line":75,"column":0},"end":{"line":75,"column":17}},"75":{"start":{"line":76,"column":0},"end":{"line":76,"column":26}},"76":{"start":{"line":77,"column":0},"end":{"line":77,"column":25}},"77":{"start":{"line":78,"column":0},"end":{"line":78,"column":18}},"78":{"start":{"line":79,"column":0},"end":{"line":79,"column":15}},"79":{"start":{"line":80,"column":0},"end":{"line":80,"column":5}},"80":{"start":{"line":81,"column":0},"end":{"line":81,"column":1}},"81":{"start":{"line":82,"column":0},"end":{"line":82,"column":0}},"82":{"start":{"line":83,"column":0},"end":{"line":83,"column":19}}},"s":{"0":1,"1":1,"2":1,"3":1,"4":1,"5":1,"6":1,"7":1,"8":1,"9":1,"10":1,"11":1,"12":1,"13":1,"14":1,"15":1,"16":1,"17":1,"18":1,"19":11,"20":11,"21":11,"22":11,"23":11,"24":11,"25":11,"26":11,"27":11,"28":0,"29":0,"30":0,"31":0,"32":0,"33":0,"34":0,"35":0,"36":0,"37":11,"38":11,"39":11,"40":11,"41":11,"42":11,"43":11,"44":11,"45":11,"46":11,"47":110,"48":110,"49":110,"50":110,"51":110,"52":110,"53":110,"54":110,"55":110,"56":110,"57":110,"58":11,"59":11,"60":11,"61":11,"62":11,"63":11,"64":11,"65":11,"66":11,"67":0,"68":11,"69":11,"70":11,"71":11,"72":11,"73":11,"74":11,"75":11,"76":11,"77":11,"78":11,"79":11,"80":11,"81":1,"82":1},"branchMap":{"0":{"type":"branch","line":19,"loc":{"start":{"line":19,"column":13},"end":{"line":81,"column":1}},"locations":[{"start":{"line":19,"column":13},"end":{"line":81,"column":1}}]},"1":{"type":"branch","line":28,"loc":{"start":{"line":28,"column":44},"end":{"line":37,"column":5}},"locations":[{"start":{"line":28,"column":44},"end":{"line":37,"column":5}}]},"2":{"type":"branch","line":67,"loc":{"start":{"line":67,"column":43},"end":{"line":68,"column":38}},"locations":[{"start":{"line":67,"column":43},"end":{"line":68,"column":38}}]},"3":{"type":"branch","line":47,"loc":{"start":{"line":47,"column":29},"end":{"line":58,"column":26}},"locations":[{"start":{"line":47,"column":29},"end":{"line":58,"column":26}}]},"4":{"type":"branch","line":56,"loc":{"start":{"line":56,"column":40},"end":{"line":56,"column":65}},"locations":[{"start":{"line":56,"column":40},"end":{"line":56,"column":65}}]},"5":{"type":"branch","line":74,"loc":{"start":{"line":74,"column":29},"end":{"line":74,"column":51}},"locations":[{"start":{"line":74,"column":29},"end":{"line":74,"column":51}}]}},"b":{"0":[11],"1":[0],"2":[0],"3":[110],"4":[0],"5":[2]},"fnMap":{"0":{"name":"Form","decl":{"start":{"line":19,"column":13},"end":{"line":81,"column":1}},"loc":{"start":{"line":19,"column":13},"end":{"line":81,"column":1}},"line":19},"1":{"name":"onClick","decl":{"start":{"line":74,"column":29},"end":{"line":74,"column":51}},"loc":{"start":{"line":74,"column":29},"end":{"line":74,"column":51}},"line":74}},"f":{"0":11,"1":2}}
,"C:\\Users\\sande\\Documents\\GitHub\\axgrid\\client\\src\\components\\FormHandler.tsx": {"path":"C:\\Users\\sande\\Documents\\GitHub\\axgrid\\client\\src\\components\\FormHandler.tsx","all":false,"statementMap":{"0":{"start":{"line":1,"column":0},"end":{"line":1,"column":69}},"1":{"start":{"line":2,"column":0},"end":{"line":2,"column":54}},"2":{"start":{"line":3,"column":0},"end":{"line":3,"column":46}},"3":{"start":{"line":4,"column":0},"end":{"line":4,"column":32}},"4":{"start":{"line":5,"column":0},"end":{"line":5,"column":57}},"5":{"start":{"line":6,"column":0},"end":{"line":6,"column":44}},"6":{"start":{"line":7,"column":0},"end":{"line":7,"column":29}},"7":{"start":{"line":8,"column":0},"end":{"line":8,"column":72}},"8":{"start":{"line":9,"column":0},"end":{"line":9,"column":0}},"9":{"start":{"line":10,"column":0},"end":{"line":10,"column":18}},"10":{"start":{"line":11,"column":0},"end":{"line":11,"column":39}},"11":{"start":{"line":12,"column":0},"end":{"line":12,"column":1}},"12":{"start":{"line":13,"column":0},"end":{"line":13,"column":58}},"13":{"start":{"line":14,"column":0},"end":{"line":14,"column":71}},"14":{"start":{"line":15,"column":0},"end":{"line":15,"column":50}},"15":{"start":{"line":16,"column":0},"end":{"line":16,"column":61}},"16":{"start":{"line":17,"column":0},"end":{"line":17,"column":48}},"17":{"start":{"line":18,"column":0},"end":{"line":18,"column":23}},"18":{"start":{"line":19,"column":0},"end":{"line":19,"column":6}},"19":{"start":{"line":20,"column":0},"end":{"line":20,"column":33}},"20":{"start":{"line":21,"column":0},"end":{"line":21,"column":40}},"21":{"start":{"line":22,"column":0},"end":{"line":22,"column":0}},"22":{"start":{"line":23,"column":0},"end":{"line":23,"column":51}},"23":{"start":{"line":24,"column":0},"end":{"line":24,"column":44}},"24":{"start":{"line":25,"column":0},"end":{"line":25,"column":38}},"25":{"start":{"line":26,"column":0},"end":{"line":26,"column":38}},"26":{"start":{"line":27,"column":0},"end":{"line":27,"column":31}},"27":{"start":{"line":28,"column":0},"end":{"line":28,"column":0}},"28":{"start":{"line":29,"column":0},"end":{"line":29,"column":31}},"29":{"start":{"line":30,"column":0},"end":{"line":30,"column":0}},"30":{"start":{"line":31,"column":0},"end":{"line":31,"column":26}},"31":{"start":{"line":32,"column":0},"end":{"line":32,"column":63}},"32":{"start":{"line":33,"column":0},"end":{"line":33,"column":42}},"33":{"start":{"line":34,"column":0},"end":{"line":34,"column":9}},"34":{"start":{"line":35,"column":0},"end":{"line":35,"column":0}},"35":{"start":{"line":36,"column":0},"end":{"line":36,"column":25}},"36":{"start":{"line":37,"column":0},"end":{"line":37,"column":48}},"37":{"start":{"line":38,"column":0},"end":{"line":38,"column":32}},"38":{"start":{"line":39,"column":0},"end":{"line":39,"column":25}},"39":{"start":{"line":40,"column":0},"end":{"line":40,"column":10}},"40":{"start":{"line":41,"column":0},"end":{"line":41,"column":23}},"41":{"start":{"line":42,"column":0},"end":{"line":42,"column":5}},"42":{"start":{"line":43,"column":0},"end":{"line":43,"column":0}},"43":{"start":{"line":44,"column":0},"end":{"line":44,"column":12}},"44":{"start":{"line":45,"column":0},"end":{"line":45,"column":64}},"45":{"start":{"line":46,"column":0},"end":{"line":46,"column":30}},"46":{"start":{"line":47,"column":0},"end":{"line":47,"column":18}},"47":{"start":{"line":48,"column":0},"end":{"line":48,"column":76}},"48":{"start":{"line":49,"column":0},"end":{"line":49,"column":75}},"49":{"start":{"line":50,"column":0},"end":{"line":50,"column":19}},"50":{"start":{"line":51,"column":0},"end":{"line":51,"column":17}},"51":{"start":{"line":52,"column":0},"end":{"line":52,"column":21}},"52":{"start":{"line":53,"column":0},"end":{"line":53,"column":47}},"53":{"start":{"line":54,"column":0},"end":{"line":54,"column":68}},"54":{"start":{"line":55,"column":0},"end":{"line":55,"column":22}},"55":{"start":{"line":56,"column":0},"end":{"line":56,"column":47}},"56":{"start":{"line":57,"column":0},"end":{"line":57,"column":45}},"57":{"start":{"line":58,"column":0},"end":{"line":58,"column":41}},"58":{"start":{"line":59,"column":0},"end":{"line":59,"column":37}},"59":{"start":{"line":60,"column":0},"end":{"line":60,"column":18}},"60":{"start":{"line":61,"column":0},"end":{"line":61,"column":14}},"61":{"start":{"line":62,"column":0},"end":{"line":62,"column":17}},"62":{"start":{"line":63,"column":0},"end":{"line":63,"column":5}},"63":{"start":{"line":64,"column":0},"end":{"line":64,"column":1}}},"s":{"0":1,"1":1,"2":1,"3":1,"4":1,"5":1,"6":1,"7":1,"8":1,"9":1,"10":1,"11":1,"12":1,"13":5,"14":5,"15":5,"16":5,"17":5,"18":5,"19":5,"20":5,"21":5,"22":5,"23":0,"24":0,"25":0,"26":0,"27":0,"28":0,"29":0,"30":0,"31":0,"32":0,"33":0,"34":0,"35":0,"36":0,"37":0,"38":0,"39":0,"40":0,"41":0,"42":5,"43":5,"44":5,"45":5,"46":3,"47":3,"48":3,"49":3,"50":2,"51":2,"52":2,"53":2,"54":2,"55":2,"56":2,"57":2,"58":2,"59":2,"60":5,"61":5,"62":5,"63":5},"branchMap":{"0":{"type":"branch","line":13,"loc":{"start":{"line":13,"column":27},"end":{"line":64,"column":1}},"locations":[{"start":{"line":13,"column":27},"end":{"line":64,"column":1}}]},"1":{"type":"branch","line":46,"loc":{"start":{"line":46,"column":14},"end":{"line":50,"column":19}},"locations":[{"start":{"line":46,"column":14},"end":{"line":50,"column":19}}]},"2":{"type":"branch","line":50,"loc":{"start":{"line":50,"column":16},"end":{"line":60,"column":18}},"locations":[{"start":{"line":50,"column":16},"end":{"line":60,"column":18}}]},"3":{"type":"branch","line":49,"loc":{"start":{"line":49,"column":37},"end":{"line":49,"column":60}},"locations":[{"start":{"line":49,"column":37},"end":{"line":49,"column":60}}]}},"b":{"0":[5],"1":[3],"2":[2],"3":[1]},"fnMap":{"0":{"name":"FormHandler","decl":{"start":{"line":13,"column":27},"end":{"line":64,"column":1}},"loc":{"start":{"line":13,"column":27},"end":{"line":64,"column":1}},"line":13},"1":{"name":"submitFunction","decl":{"start":{"line":23,"column":27},"end":{"line":42,"column":5}},"loc":{"start":{"line":23,"column":27},"end":{"line":42,"column":5}},"line":23},"2":{"name":"onClose","decl":{"start":{"line":45,"column":37},"end":{"line":45,"column":47}},"loc":{"start":{"line":45,"column":37},"end":{"line":45,"column":47}},"line":45},"3":{"name":"onClick","decl":{"start":{"line":49,"column":37},"end":{"line":49,"column":60}},"loc":{"start":{"line":49,"column":37},"end":{"line":49,"column":60}},"line":49}},"f":{"0":5,"1":0,"2":0,"3":1}}
,"C:\\Users\\sande\\Documents\\GitHub\\axgrid\\client\\src\\components\\SideNav.tsx": {"path":"C:\\Users\\sande\\Documents\\GitHub\\axgrid\\client\\src\\components\\SideNav.tsx","all":false,"statementMap":{"0":{"start":{"line":1,"column":0},"end":{"line":1,"column":23}},"1":{"start":{"line":2,"column":0},"end":{"line":2,"column":12}},"2":{"start":{"line":3,"column":0},"end":{"line":3,"column":13}},"3":{"start":{"line":4,"column":0},"end":{"line":4,"column":67}},"4":{"start":{"line":5,"column":0},"end":{"line":5,"column":96}},"5":{"start":{"line":6,"column":0},"end":{"line":6,"column":70}},"6":{"start":{"line":7,"column":0},"end":{"line":7,"column":30}},"7":{"start":{"line":8,"column":0},"end":{"line":8,"column":25}},"8":{"start":{"line":9,"column":0},"end":{"line":9,"column":22}},"9":{"start":{"line":10,"column":0},"end":{"line":10,"column":51}},"10":{"start":{"line":11,"column":0},"end":{"line":11,"column":22}},"11":{"start":{"line":12,"column":0},"end":{"line":12,"column":32}},"12":{"start":{"line":13,"column":0},"end":{"line":13,"column":101}},"13":{"start":{"line":14,"column":0},"end":{"line":14,"column":60}},"14":{"start":{"line":15,"column":0},"end":{"line":15,"column":47}},"15":{"start":{"line":16,"column":0},"end":{"line":16,"column":36}},"16":{"start":{"line":17,"column":0},"end":{"line":17,"column":27}},"17":{"start":{"line":18,"column":0},"end":{"line":18,"column":21}},"18":{"start":{"line":19,"column":0},"end":{"line":19,"column":64}},"19":{"start":{"line":20,"column":0},"end":{"line":20,"column":24}},"20":{"start":{"line":21,"column":0},"end":{"line":21,"column":22}},"21":{"start":{"line":22,"column":0},"end":{"line":22,"column":41}},"22":{"start":{"line":23,"column":0},"end":{"line":23,"column":101}},"23":{"start":{"line":24,"column":0},"end":{"line":24,"column":69}},"24":{"start":{"line":25,"column":0},"end":{"line":25,"column":47}},"25":{"start":{"line":26,"column":0},"end":{"line":26,"column":36}},"26":{"start":{"line":27,"column":0},"end":{"line":27,"column":27}},"27":{"start":{"line":28,"column":0},"end":{"line":28,"column":21}},"28":{"start":{"line":29,"column":0},"end":{"line":29,"column":66}},"29":{"start":{"line":30,"column":0},"end":{"line":30,"column":24}},"30":{"start":{"line":31,"column":0},"end":{"line":31,"column":22}},"31":{"start":{"line":32,"column":0},"end":{"line":32,"column":18}},"32":{"start":{"line":33,"column":0},"end":{"line":33,"column":14}},"33":{"start":{"line":34,"column":0},"end":{"line":34,"column":5}},"34":{"start":{"line":35,"column":0},"end":{"line":35,"column":1}},"35":{"start":{"line":36,"column":0},"end":{"line":36,"column":0}},"36":{"start":{"line":37,"column":0},"end":{"line":37,"column":22}}},"s":{"0":1,"1":3,"2":3,"3":3,"4":3,"5":3,"6":3,"7":3,"8":3,"9":3,"10":3,"11":3,"12":3,"13":3,"14":3,"15":0,"16":3,"17":3,"18":3,"19":3,"20":3,"21":3,"22":3,"23":3,"24":0,"25":3,"26":3,"27":3,"28":3,"29":3,"30":3,"31":3,"32":3,"33":3,"34":3,"35":1,"36":1},"branchMap":{"0":{"type":"branch","line":1,"loc":{"start":{"line":1,"column":16},"end":{"line":35,"column":1}},"locations":[{"start":{"line":1,"column":16},"end":{"line":35,"column":1}}]},"1":{"type":"branch","line":15,"loc":{"start":{"line":15,"column":34},"end":{"line":16,"column":36}},"locations":[{"start":{"line":15,"column":34},"end":{"line":16,"column":36}}]},"2":{"type":"branch","line":24,"loc":{"start":{"line":24,"column":57},"end":{"line":25,"column":47}},"locations":[{"start":{"line":24,"column":57},"end":{"line":25,"column":47}}]}},"b":{"0":[3],"1":[0],"2":[0]},"fnMap":{"0":{"name":"SideNav","decl":{"start":{"line":1,"column":16},"end":{"line":35,"column":1}},"loc":{"start":{"line":1,"column":16},"end":{"line":35,"column":1}},"line":1}},"f":{"0":3}}
,"C:\\Users\\sande\\Documents\\GitHub\\axgrid\\client\\src\\components\\TradeDetails.tsx": {"path":"C:\\Users\\sande\\Documents\\GitHub\\axgrid\\client\\src\\components\\TradeDetails.tsx","all":false,"statementMap":{"0":{"start":{"line":1,"column":0},"end":{"line":1,"column":25}},"1":{"start":{"line":2,"column":0},"end":{"line":2,"column":38}},"2":{"start":{"line":3,"column":0},"end":{"line":3,"column":59}},"3":{"start":{"line":4,"column":0},"end":{"line":4,"column":64}},"4":{"start":{"line":5,"column":0},"end":{"line":5,"column":0}},"5":{"start":{"line":6,"column":0},"end":{"line":6,"column":26}},"6":{"start":{"line":7,"column":0},"end":{"line":7,"column":23}},"7":{"start":{"line":8,"column":0},"end":{"line":8,"column":72}},"8":{"start":{"line":9,"column":0},"end":{"line":9,"column":39}},"9":{"start":{"line":10,"column":0},"end":{"line":10,"column":39}},"10":{"start":{"line":11,"column":0},"end":{"line":11,"column":1}},"11":{"start":{"line":12,"column":0},"end":{"line":12,"column":0}},"12":{"start":{"line":13,"column":0},"end":{"line":13,"column":23}},"13":{"start":{"line":14,"column":0},"end":{"line":14,"column":17}},"14":{"start":{"line":15,"column":0},"end":{"line":15,"column":20}},"15":{"start":{"line":16,"column":0},"end":{"line":16,"column":16}},"16":{"start":{"line":17,"column":0},"end":{"line":17,"column":16}},"17":{"start":{"line":18,"column":0},"end":{"line":18,"column":26}},"18":{"start":{"line":19,"column":0},"end":{"line":19,"column":33}},"19":{"start":{"line":20,"column":0},"end":{"line":20,"column":29}},"20":{"start":{"line":21,"column":0},"end":{"line":21,"column":33}},"21":{"start":{"line":22,"column":0},"end":{"line":22,"column":5}},"22":{"start":{"line":23,"column":0},"end":{"line":23,"column":0}},"23":{"start":{"line":24,"column":0},"end":{"line":24,"column":33}},"24":{"start":{"line":25,"column":0},"end":{"line":25,"column":29}},"25":{"start":{"line":26,"column":0},"end":{"line":26,"column":33}},"26":{"start":{"line":27,"column":0},"end":{"line":27,"column":5}},"27":{"start":{"line":28,"column":0},"end":{"line":28,"column":0}},"28":{"start":{"line":29,"column":0},"end":{"line":29,"column":12}},"29":{"start":{"line":30,"column":0},"end":{"line":30,"column":25}},"30":{"start":{"line":31,"column":0},"end":{"line":31,"column":48}},"31":{"start":{"line":32,"column":0},"end":{"line":32,"column":53}},"32":{"start":{"line":33,"column":0},"end":{"line":33,"column":64}},"33":{"start":{"line":34,"column":0},"end":{"line":34,"column":37}},"34":{"start":{"line":35,"column":0},"end":{"line":35,"column":34}},"35":{"start":{"line":36,"column":0},"end":{"line":36,"column":0}},"36":{"start":{"line":37,"column":0},"end":{"line":37,"column":59}},"37":{"start":{"line":38,"column":0},"end":{"line":38,"column":0}},"38":{"start":{"line":39,"column":0},"end":{"line":39,"column":70}},"39":{"start":{"line":40,"column":0},"end":{"line":40,"column":65}},"40":{"start":{"line":41,"column":0},"end":{"line":41,"column":68}},"41":{"start":{"line":42,"column":0},"end":{"line":42,"column":44}},"42":{"start":{"line":43,"column":0},"end":{"line":43,"column":37}},"43":{"start":{"line":44,"column":0},"end":{"line":44,"column":26}},"44":{"start":{"line":45,"column":0},"end":{"line":45,"column":63}},"45":{"start":{"line":46,"column":0},"end":{"line":46,"column":67}},"46":{"start":{"line":47,"column":0},"end":{"line":47,"column":72}},"47":{"start":{"line":48,"column":0},"end":{"line":48,"column":48}},"48":{"start":{"line":49,"column":0},"end":{"line":49,"column":41}},"49":{"start":{"line":50,"column":0},"end":{"line":50,"column":30}},"50":{"start":{"line":51,"column":0},"end":{"line":51,"column":0}},"51":{"start":{"line":52,"column":0},"end":{"line":52,"column":70}},"52":{"start":{"line":53,"column":0},"end":{"line":53,"column":33}},"53":{"start":{"line":54,"column":0},"end":{"line":54,"column":33}},"54":{"start":{"line":55,"column":0},"end":{"line":55,"column":26}},"55":{"start":{"line":56,"column":0},"end":{"line":56,"column":25}},"56":{"start":{"line":57,"column":0},"end":{"line":57,"column":18}},"57":{"start":{"line":58,"column":0},"end":{"line":58,"column":9}},"58":{"start":{"line":59,"column":0},"end":{"line":59,"column":5}},"59":{"start":{"line":60,"column":0},"end":{"line":60,"column":1}},"60":{"start":{"line":61,"column":0},"end":{"line":61,"column":0}},"61":{"start":{"line":62,"column":0},"end":{"line":62,"column":26}},"62":{"start":{"line":63,"column":0},"end":{"line":63,"column":18}},"63":{"start":{"line":64,"column":0},"end":{"line":64,"column":1}},"64":{"start":{"line":65,"column":0},"end":{"line":65,"column":0}},"65":{"start":{"line":66,"column":0},"end":{"line":66,"column":58}},"66":{"start":{"line":67,"column":0},"end":{"line":67,"column":12}},"67":{"start":{"line":68,"column":0},"end":{"line":68,"column":10}},"68":{"start":{"line":69,"column":0},"end":{"line":69,"column":51}},"69":{"start":{"line":70,"column":0},"end":{"line":70,"column":72}},"70":{"start":{"line":71,"column":0},"end":{"line":71,"column":26}},"71":{"start":{"line":72,"column":0},"end":{"line":72,"column":37}},"72":{"start":{"line":73,"column":0},"end":{"line":73,"column":95}},"73":{"start":{"line":74,"column":0},"end":{"line":74,"column":23}},"74":{"start":{"line":75,"column":0},"end":{"line":75,"column":63}},"75":{"start":{"line":76,"column":0},"end":{"line":76,"column":62}},"76":{"start":{"line":77,"column":0},"end":{"line":77,"column":32}},"77":{"start":{"line":78,"column":0},"end":{"line":78,"column":0}},"78":{"start":{"line":79,"column":0},"end":{"line":79,"column":30}},"79":{"start":{"line":80,"column":0},"end":{"line":80,"column":62}},"80":{"start":{"line":81,"column":0},"end":{"line":81,"column":46}},"81":{"start":{"line":82,"column":0},"end":{"line":82,"column":27}},"82":{"start":{"line":83,"column":0},"end":{"line":83,"column":57}},"83":{"start":{"line":84,"column":0},"end":{"line":84,"column":61}},"84":{"start":{"line":85,"column":0},"end":{"line":85,"column":46}},"85":{"start":{"line":86,"column":0},"end":{"line":86,"column":80}},"86":{"start":{"line":87,"column":0},"end":{"line":87,"column":39}},"87":{"start":{"line":88,"column":0},"end":{"line":88,"column":36}},"88":{"start":{"line":89,"column":0},"end":{"line":89,"column":63}},"89":{"start":{"line":90,"column":0},"end":{"line":90,"column":62}},"90":{"start":{"line":91,"column":0},"end":{"line":91,"column":35}},"91":{"start":{"line":92,"column":0},"end":{"line":92,"column":60}},"92":{"start":{"line":93,"column":0},"end":{"line":93,"column":32}},"93":{"start":{"line":94,"column":0},"end":{"line":94,"column":32}},"94":{"start":{"line":95,"column":0},"end":{"line":95,"column":28}},"95":{"start":{"line":96,"column":0},"end":{"line":96,"column":20}},"96":{"start":{"line":97,"column":0},"end":{"line":97,"column":23}},"97":{"start":{"line":98,"column":0},"end":{"line":98,"column":11}},"98":{"start":{"line":99,"column":0},"end":{"line":99,"column":5}},"99":{"start":{"line":100,"column":0},"end":{"line":100,"column":1}},"100":{"start":{"line":101,"column":0},"end":{"line":101,"column":0}},"101":{"start":{"line":102,"column":0},"end":{"line":102,"column":27}},"102":{"start":{"line":103,"column":0},"end":{"line":103,"column":0}},"103":{"start":{"line":104,"column":0},"end":{"line":104,"column":24}},"104":{"start":{"line":105,"column":0},"end":{"line":105,"column":14}},"105":{"start":{"line":106,"column":0},"end":{"line":106,"column":1}},"106":{"start":{"line":107,"column":0},"end":{"line":107,"column":0}},"107":{"start":{"line":108,"column":0},"end":{"line":108,"column":52}},"108":{"start":{"line":109,"column":0},"end":{"line":109,"column":12}},"109":{"start":{"line":110,"column":0},"end":{"line":110,"column":10}},"110":{"start":{"line":111,"column":0},"end":{"line":111,"column":18}},"111":{"start":{"line":112,"column":0},"end":{"line":112,"column":72}},"112":{"start":{"line":113,"column":0},"end":{"line":113,"column":30}},"113":{"start":{"line":114,"column":0},"end":{"line":114,"column":30}},"114":{"start":{"line":115,"column":0},"end":{"line":115,"column":41}},"115":{"start":{"line":116,"column":0},"end":{"line":116,"column":53}},"116":{"start":{"line":117,"column":0},"end":{"line":117,"column":48}},"117":{"start":{"line":118,"column":0},"end":{"line":118,"column":27}},"118":{"start":{"line":119,"column":0},"end":{"line":119,"column":58}},"119":{"start":{"line":120,"column":0},"end":{"line":120,"column":42}},"120":{"start":{"line":121,"column":0},"end":{"line":121,"column":44}},"121":{"start":{"line":122,"column":0},"end":{"line":122,"column":44}},"122":{"start":{"line":123,"column":0},"end":{"line":123,"column":62}},"123":{"start":{"line":124,"column":0},"end":{"line":124,"column":40}},"124":{"start":{"line":125,"column":0},"end":{"line":125,"column":64}},"125":{"start":{"line":126,"column":0},"end":{"line":126,"column":32}},"126":{"start":{"line":127,"column":0},"end":{"line":127,"column":23}},"127":{"start":{"line":128,"column":0},"end":{"line":128,"column":20}},"128":{"start":{"line":129,"column":0},"end":{"line":129,"column":23}},"129":{"start":{"line":130,"column":0},"end":{"line":130,"column":11}},"130":{"start":{"line":131,"column":0},"end":{"line":131,"column":5}},"131":{"start":{"line":132,"column":0},"end":{"line":132,"column":1}}},"s":{"0":1,"1":1,"2":1,"3":1,"4":1,"5":1,"6":1,"7":1,"8":1,"9":1,"10":1,"11":1,"12":1,"13":15,"14":15,"15":15,"16":15,"17":15,"18":15,"19":1,"20":1,"21":1,"22":15,"23":15,"24":1,"25":1,"26":1,"27":15,"28":15,"29":15,"30":15,"31":15,"32":15,"33":15,"34":15,"35":15,"36":15,"37":15,"38":15,"39":15,"40":9,"41":9,"42":9,"43":15,"44":15,"45":13,"46":11,"47":11,"48":11,"49":15,"50":15,"51":15,"52":15,"53":15,"54":15,"55":15,"56":15,"57":15,"58":15,"59":15,"60":1,"61":1,"62":1,"63":1,"64":1,"65":1,"66":15,"67":15,"68":15,"69":15,"70":210,"71":210,"72":210,"73":210,"74":210,"75":210,"76":210,"77":210,"78":210,"79":210,"80":210,"81":210,"82":210,"83":0,"84":0,"85":0,"86":0,"87":0,"88":210,"89":30,"90":180,"91":180,"92":210,"93":210,"94":210,"95":15,"96":0,"97":15,"98":15,"99":15,"100":1,"101":1,"102":1,"103":1,"104":1,"105":1,"106":1,"107":1,"108":30,"109":30,"110":30,"111":30,"112":60,"113":60,"114":60,"115":60,"116":60,"117":60,"118":60,"119":30,"120":15,"121":15,"122":30,"123":0,"124":30,"125":60,"126":60,"127":30,"128":0,"129":30,"130":30,"131":30},"branchMap":{"0":{"type":"branch","line":13,"loc":{"start":{"line":13,"column":21},"end":{"line":60,"column":1}},"l
[...]
,"C:\\Users\\sande\\Documents\\GitHub\\axgrid\\client\\src\\types\\types.ts": {"path":"C:\\Users\\sande\\Documents\\GitHub\\axgrid\\client\\src\\types\\types.ts","all":false,"statementMap":{"0":{"start":{"line":1,"column":0},"end":{"line":1,"column":50}},"1":{"start":{"line":2,"column":0},"end":{"line":2,"column":0}},"2":{"start":{"line":3,"column":0},"end":{"line":3,"column":87}},"3":{"start":{"line":4,"column":0},"end":{"line":4,"column":0}},"4":{"start":{"line":5,"column":0},"end":{"line":5,"column":28}},"5":{"start":{"line":6,"column":0},"end":{"line":6,"column":16}},"6":{"start":{"line":7,"column":0},"end":{"line":7,"column":26}},"7":{"start":{"line":8,"column":0},"end":{"line":8,"column":1}},"8":{"start":{"line":9,"column":0},"end":{"line":9,"column":0}},"9":{"start":{"line":10,"column":0},"end":{"line":10,"column":27}},"10":{"start":{"line":11,"column":0},"end":{"line":11,"column":16}},"11":{"start":{"line":12,"column":0},"end":{"line":12,"column":1}},"12":{"start":{"line":13,"column":0},"end":{"line":13,"column":0}},"13":{"start":{"line":14,"column":0},"end":{"line":14,"column":27}},"14":{"start":{"line":15,"column":0},"end":{"line":15,"column":16}},"15":{"start":{"line":16,"column":0},"end":{"line":16,"column":1}},"16":{"start":{"line":17,"column":0},"end":{"line":17,"column":0}},"17":{"start":{"line":18,"column":0},"end":{"line":18,"column":35}},"18":{"start":{"line":19,"column":0},"end":{"line":19,"column":16}},"19":{"start":{"line":20,"column":0},"end":{"line":20,"column":25}},"20":{"start":{"line":21,"column":0},"end":{"line":21,"column":20}},"21":{"start":{"line":22,"column":0},"end":{"line":22,"column":20}},"22":{"start":{"line":23,"column":0},"end":{"line":23,"column":33}},"23":{"start":{"line":24,"column":0},"end":{"line":24,"column":31}},"24":{"start":{"line":25,"column":0},"end":{"line":25,"column":27}},"25":{"start":{"line":26,"column":0},"end":{"line":26,"column":25}},"26":{"start":{"line":27,"column":0},"end":{"line":27,"column":1}},"27":{"start":{"line":28,"column":0},"end":{"line":28,"column":0}},"28":{"start":{"line":29,"column":0},"end":{"line":29,"column":63}},"29":{"start":{"line":30,"column":0},"end":{"line":30,"column":23}},"30":{"start":{"line":31,"column":0},"end":{"line":31,"column":22}},"31":{"start":{"line":32,"column":0},"end":{"line":32,"column":26}},"32":{"start":{"line":33,"column":0},"end":{"line":33,"column":19}},"33":{"start":{"line":34,"column":0},"end":{"line":34,"column":18}},"34":{"start":{"line":35,"column":0},"end":{"line":35,"column":39}},"35":{"start":{"line":36,"column":0},"end":{"line":36,"column":4}},"36":{"start":{"line":37,"column":0},"end":{"line":37,"column":29}},"37":{"start":{"line":38,"column":0},"end":{"line":38,"column":26}},"38":{"start":{"line":39,"column":0},"end":{"line":39,"column":17}},"39":{"start":{"line":40,"column":0},"end":{"line":40,"column":24}},"40":{"start":{"line":41,"column":0},"end":{"line":41,"column":4}},"41":{"start":{"line":42,"column":0},"end":{"line":42,"column":1}},"42":{"start":{"line":43,"column":0},"end":{"line":43,"column":0}},"43":{"start":{"line":44,"column":0},"end":{"line":44,"column":50}},"44":{"start":{"line":45,"column":0},"end":{"line":45,"column":17}},"45":{"start":{"line":46,"column":0},"end":{"line":46,"column":20}},"46":{"start":{"line":47,"column":0},"end":{"line":47,"column":20}},"47":{"start":{"line":48,"column":0},"end":{"line":48,"column":19}},"48":{"start":{"line":49,"column":0},"end":{"line":49,"column":1}},"49":{"start":{"line":50,"column":0},"end":{"line":50,"column":0}},"50":{"start":{"line":51,"column":0},"end":{"line":51,"column":43}},"51":{"start":{"line":52,"column":0},"end":{"line":52,"column":55}},"52":{"start":{"line":53,"column":0},"end":{"line":53,"column":1}},"53":{"start":{"line":54,"column":0},"end":{"line":54,"column":0}},"54":{"start":{"line":55,"column":0},"end":{"line":55,"column":71}},"55":{"start":{"line":56,"column":0},"end":{"line":56,"column":0}},"56":{"start":{"line":57,"column":0},"end":{"line":57,"column":92}},"57":{"start":{"line":58,"column":0},"end":{"line":58,"column":0}},"58":{"start":{"line":59,"column":0},"end":{"line":59,"column":120}},"59":{"start":{"line":60,"column":0},"end":{"line":60,"column":0}},"60":{"start":{"line":61,"column":0},"end":{"line":61,"column":91}},"61":{"start":{"line":62,"column":0},"end":{"line":62,"column":0}},"62":{"start":{"line":63,"column":0},"end":{"line":63,"column":24}},"63":{"start":{"line":64,"column":0},"end":{"line":64,"column":13}},"64":{"start":{"line":65,"column":0},"end":{"line":65,"column":22}},"65":{"start":{"line":66,"column":0},"end":{"line":66,"column":26}},"66":{"start":{"line":67,"column":0},"end":{"line":67,"column":16}},"67":{"start":{"line":68,"column":0},"end":{"line":68,"column":34}},"68":{"start":{"line":69,"column":0},"end":{"line":69,"column":24}},"69":{"start":{"line":70,"column":0},"end":{"line":70,"column":32}},"70":{"start":{"line":71,"column":0},"end":{"line":71,"column":22}},"71":{"start":{"line":72,"column":0},"end":{"line":72,"column":1}},"72":{"start":{"line":73,"column":0},"end":{"line":73,"column":0}},"73":{"start":{"line":74,"column":0},"end":{"line":74,"column":64}},"74":{"start":{"line":75,"column":0},"end":{"line":75,"column":54}},"75":{"start":{"line":76,"column":0},"end":{"line":76,"column":55}},"76":{"start":{"line":77,"column":0},"end":{"line":77,"column":79}},"77":{"start":{"line":78,"column":0},"end":{"line":78,"column":0}},"78":{"start":{"line":79,"column":0},"end":{"line":79,"column":36}},"79":{"start":{"line":80,"column":0},"end":{"line":80,"column":46}},"80":{"start":{"line":81,"column":0},"end":{"line":81,"column":1}},"81":{"start":{"line":82,"column":0},"end":{"line":82,"column":0}},"82":{"start":{"line":83,"column":0},"end":{"line":83,"column":31}},"83":{"start":{"line":84,"column":0},"end":{"line":84,"column":15}},"84":{"start":{"line":85,"column":0},"end":{"line":85,"column":20}},"85":{"start":{"line":86,"column":0},"end":{"line":86,"column":1}},"86":{"start":{"line":87,"column":0},"end":{"line":87,"column":0}},"87":{"start":{"line":88,"column":0},"end":{"line":88,"column":31}},"88":{"start":{"line":89,"column":0},"end":{"line":89,"column":15}},"89":{"start":{"line":90,"column":0},"end":{"line":90,"column":27}},"90":{"start":{"line":91,"column":0},"end":{"line":91,"column":1}},"91":{"start":{"line":92,"column":0},"end":{"line":92,"column":0}},"92":{"start":{"line":93,"column":0},"end":{"line":93,"column":60}},"93":{"start":{"line":94,"column":0},"end":{"line":94,"column":56}},"94":{"start":{"line":95,"column":0},"end":{"line":95,"column":54}},"95":{"start":{"line":96,"column":0},"end":{"line":96,"column":51}},"96":{"start":{"line":97,"column":0},"end":{"line":97,"column":54}},"97":{"start":{"line":98,"column":0},"end":{"line":98,"column":41}},"98":{"start":{"line":99,"column":0},"end":{"line":99,"column":0}},"99":{"start":{"line":100,"column":0},"end":{"line":100,"column":51}},"100":{"start":{"line":101,"column":0},"end":{"line":101,"column":28}},"101":{"start":{"line":102,"column":0},"end":{"line":102,"column":19}},"102":{"start":{"line":103,"column":0},"end":{"line":103,"column":65}},"103":{"start":{"line":104,"column":0},"end":{"line":104,"column":28}},"104":{"start":{"line":105,"column":0},"end":{"line":105,"column":26}},"105":{"start":{"line":106,"column":0},"end":{"line":106,"column":1}},"106":{"start":{"line":107,"column":0},"end":{"line":107,"column":0}},"107":{"start":{"line":108,"column":0},"end":{"line":108,"column":51}},"108":{"start":{"line":109,"column":0},"end":{"line":109,"column":30}},"109":{"start":{"line":110,"column":0},"end":{"line":110,"column":33}},"110":{"start":{"line":111,"column":0},"end":{"line":111,"column":35}},"111":{"start":{"line":112,"column":0},"end":{"line":112,"column":48}},"112":{"start":{"line":113,"column":0},"end":{"line":113,"column":32}},"113":{"start":{"line":114,"column":0},"end":{"line":114,"column":26}},"114":{"start":{"line":115,"column":0},"end":{"line":115,"column":1}},"115":{"start":{"line":116,"column":0},"end":{"line":116,"column":0}},"116":{"start":{"line":117,"column":0},"end":{"line":117,"column":53}},"117":{"start":{"line":118,"column":0},"end":{"line":118,"column":30}},"118":{"start":{"line":119,"column":0},"end":{"line":119,"column":21}},"119":{"start":{"line":120,"column":0},"end":{"line":120,"column":59}},"120":{"start":{"line":121,"column":0},"end":{"line":121,"column":51}},"121":{"start":{"line":122,"column":0},"end":{"line":122,"column":1}},"122":{"start":{"line":123,"column":0},"end":{"line":123,"column":0}},"123":{"start":{"line":124,"column":0},"end":{"line":124,"column":49}},"124":{"start":{"line":125,"column":0},"end":{"line":125,"column":35}},"125":{"start":{"line":126,"column":0},"end":{"line":126,"column":32}},"126":{"start":{"line":127,"column":0},"end":{"line":127,"column":46}},"127":{"start":{"line":128,"column":0},"end":{"line":128,"column":36}},"128":{"start":{"line":129,"column":0},"end":{"line":129,"column":1}},"129":{"start":{"line":130,"column":0},"end":{"line":130,"column":0}},"130":{"start":{"line":131,"column":0},"end":{"line":131,"column":50}},"131":{"start":{"line":132,"column":0},"end":{"line":132,"column":30}},"132":{"start":{"line":133,"column":0},"end":{"line":133,"column":21}},"133":{"start":{"line":134,"column":0},"end":{"line":134,"column":47}},"134":{"start":{"line":135,"column":0},"end":{"line":135,"column":43}},"135":{"start":{"line":136,"column":0},"end":{"line":136,"column":31}},"136":{"start":{"line":137,"column":0},"end":{"line":137,"column":29}},"137":{"start":{"line":138,"column":0},"end":{"line":138,"column":1}},"138":{"start":{"line":139,"column":0},"end":{"line":139,"column":0}},"139":{"start":{"line":140,"column":0},"end":{"line":140,"column":53}},"140":{"start":{"line":141,"column":0},"end":{"line":141,"column":30}},"141":{"start":{"line":142,"column":0},"end":{"line":142,"column":21}},"142":{"start":{"line":143,"column":0},"end":{"line":143,"column":46}},"143":{"start":{"line":144,"column":0},"end":{"line":144,"column":32}},"144":{"start":{"line":145,"column":0},"end":{"line":145,"column":53}},"145":{"start":{"line":146,"column":0},"end":{"line":146,"column":45}},"146":{"start":{"line":147,"column":0},"end":{"line":147,"column":1}},"147":{"start":{"line":148,"column":0},"end":{"line":148,"column":0}},"148":{"start":{"line":149,"column":0},"end":{"line":149,"column":32}},"149":{"start":{"line":150,"column":0},"end":{"line":150,"column":18}},"150":{"start":{"line":151,"column":0},"end":{"line":151,"column":53}},"151":{"start":{"line":152,"column":0},"end":{"line":152,"column":18}},"152":{"start":{"line":153,"column":0},"end":{"line":153,"column":1}}},"s":{"0":1,"1":1,"2":1,"3":1,"4":1,"5":1,"6":1,"7":1,"8":1,"9":1,"10":1,"11":1,"12":1,"13":1,"14":1,"15":1,"16":1,"17":1,"18":1,"19":1,"20":1,"21":1,"22":1,"23":1,"24":1,"25":1,"26":1,"27":1,"28":1,"29":1,"30":1,"31":1,"32":1,"33":1,"34":1,"35":1,"36":1,"37":1,"38":1,"39":1,"40":1,"41":1,"42":1,"43":1,"44":1,"45":1,"46":1,"47":1,"48":1,"49":1,"50":1,"51":1,"52":1,"53":1,"54":1,"55":1,"56":1,"57":1,"58":1,"59":1,"60":1,"61":1,"62":1,"63":1,"64":1,"65":1,"66":1,"67":1,"68":1,"69":1,"70":1,"71":1,"72":1,"73":1,"74":1,"75":1,"76":1,"77":1,"78":1,"79":1,"80":1,"81":1,"82":1,"83":1,"84":1,"85":1,"86":1,"87":1,"88":1,"89":1,"90":1,"91":1,"92":1,"93":1,"94":1,"95":1,"96":1,"97":1,"98":1,"99":1,"100":1,"101":1,"102":1,"103":1,"104":1,"105":1,"106":1,"107":1,"108":1,"109":1,"110":1,"111":1,"112":1,"113":1,"114":1,"115":1,"116":1,"117":1,"118":1,"119":1,"120":1,"121":1,"122":1,"123":1,"124":1,"125":1,"126":1,"127":1,"128":1,"129":1,"130":1,"131":1,"132":1,"133":1,"134":1,"135":1,"136":1,"137":1,"138":1,"139":1,"140":1,"141":1,"142":1,"143":1,"144":1,"145":1,"146":1,"147":1,"148":1,"149":1,"150":1,"151":1,"152":1},"branchMap":{},"b":{},"fnMap":{},"f":{}}
,"C:\\Users\\sande\\Documents\\GitHub\\axgrid\\client\\src\\utils\\getFormFields.ts": {"path":"C:\\Users\\sande\\Documents\\GitHub\\axgrid\\client\\src\\utils\\getFormFields.ts","all":false,"statementMap":{"0":{"start":{"line":1,"column":0},"end":{"line":1,"column":104}},"1":{"start":{"line":2,"column":0},"end":{"line":2,"column":38}},"2":{"start":{"line":3,"column":0},"end":{"line":3,"column":0}},"3":{"start":{"line":4,"column":0},"end":{"line":4,"column":59}},"4":{"start":{"line":5,"column":0},"end":{"line":5,"column":104}},"5":{"start":{"line":6,"column":0},"end":{"line":6,"column":19}},"6":{"start":{"line":7,"column":0},"end":{"line":7,"column":5}},"7":{"start":{"line":8,"column":0},"end":{"line":8,"column":18}},"8":{"start":{"line":9,"column":0},"end":{"line":9,"column":22}},"9":{"start":{"line":10,"column":0},"end":{"line":10,"column":34}},"10":{"start":{"line":11,"column":0},"end":{"line":11,"column":22}},"11":{"start":{"line":12,"column":0},"end":{"line":12,"column":50}},"12":{"start":{"line":13,"column":0},"end":{"line":13,"column":45}},"13":{"start":{"line":14,"column":0},"end":{"line":14,"column":25}},"14":{"start":{"line":15,"column":0},"end":{"line":15,"column":10}},"15":{"start":{"line":16,"column":0},"end":{"line":16,"column":38}},"16":{"start":{"line":17,"column":0},"end":{"line":17,"column":51}},"17":{"start":{"line":18,"column":0},"end":{"line":18,"column":55}},"18":{"start":{"line":19,"column":0},"end":{"line":19,"column":13}},"19":{"start":{"line":20,"column":0},"end":{"line":20,"column":46}},"20":{"start":{"line":21,"column":0},"end":{"line":21,"column":7}},"21":{"start":{"line":22,"column":0},"end":{"line":22,"column":0}},"22":{"start":{"line":23,"column":0},"end":{"line":23,"column":30}},"23":{"start":{"line":24,"column":0},"end":{"line":24,"column":1}},"24":{"start":{"line":25,"column":0},"end":{"line":25,"column":0}},"25":{"start":{"line":26,"column":0},"end":{"line":26,"column":59}},"26":{"start":{"line":27,"column":0},"end":{"line":27,"column":37}},"27":{"start":{"line":28,"column":0},"end":{"line":28,"column":20}},"28":{"start":{"line":29,"column":0},"end":{"line":29,"column":5}},"29":{"start":{"line":30,"column":0},"end":{"line":30,"column":0}},"30":{"start":{"line":31,"column":0},"end":{"line":31,"column":33}},"31":{"start":{"line":32,"column":0},"end":{"line":32,"column":52}},"32":{"start":{"line":33,"column":0},"end":{"line":33,"column":56}},"33":{"start":{"line":34,"column":0},"end":{"line":34,"column":24}},"34":{"start":{"line":35,"column":0},"end":{"line":35,"column":9}},"35":{"start":{"line":36,"column":0},"end":{"line":36,"column":47}},"36":{"start":{"line":37,"column":0},"end":{"line":37,"column":57}},"37":{"start":{"line":38,"column":0},"end":{"line":38,"column":52}},"38":{"start":{"line":39,"column":0},"end":{"line":39,"column":28}},"39":{"start":{"line":40,"column":0},"end":{"line":40,"column":13}},"40":{"start":{"line":41,"column":0},"end":{"line":41,"column":9}},"41":{"start":{"line":42,"column":0},"end":{"line":42,"column":57}},"42":{"start":{"line":43,"column":0},"end":{"line":43,"column":34}},"43":{"start":{"line":44,"column":0},"end":{"line":44,"column":62}},"44":{"start":{"line":45,"column":0},"end":{"line":45,"column":28}},"45":{"start":{"line":46,"column":0},"end":{"line":46,"column":13}},"46":{"start":{"line":47,"column":0},"end":{"line":47,"column":9}},"47":{"start":{"line":48,"column":0},"end":{"line":48,"column":5}},"48":{"start":{"line":49,"column":0},"end":{"line":49,"column":0}},"49":{"start":{"line":50,"column":0},"end":{"line":50,"column":15}},"50":{"start":{"line":51,"column":0},"end":{"line":51,"column":1}}},"s":{"0":1,"1":1,"2":1,"3":1,"4":17,"5":0,"6":0,"7":17,"8":17,"9":17,"10":17,"11":57,"12":57,"13":17,"14":0,"15":17,"16":17,"17":17,"18":170,"19":170,"20":17,"21":17,"22":17,"23":17,"24":1,"25":1,"26":11,"27":0,"28":0,"29":11,"30":11,"31":110,"32":0,"33":0,"34":0,"35":110,"36":480,"37":0,"38":0,"39":0,"40":480,"41":110,"42":440,"43":0,"44":0,"45":0,"46":440,"47":110,"48":11,"49":11,"50":11},"branchMap":{"0":{"type":"branch","line":4,"loc":{"start":{"line":4,"column":29},"end":{"line":24,"column":1}},"locations":[{"start":{"line":4,"column":29},"end":{"line":24,"column":1}}]},"1":{"type":"branch","line":5,"loc":{"start":{"line":5,"column":103},"end":{"line":7,"column":5}},"locations":[{"start":{"line":5,"column":103},"end":{"line":7,"column":5}}]},"2":{"type":"branch","line":14,"loc":{"start":{"line":14,"column":15},"end":{"line":15,"column":10}},"locations":[{"start":{"line":14,"column":15},"end":{"line":15,"column":10}}]},"3":{"type":"branch","line":11,"loc":{"start":{"line":11,"column":16},"end":{"line":13,"column":45}},"locations":[{"start":{"line":11,"column":16},"end":{"line":13,"column":45}}]},"4":{"type":"branch","line":18,"loc":{"start":{"line":18,"column":46},"end":{"line":21,"column":6}},"locations":[{"start":{"line":18,"column":46},"end":{"line":21,"column":6}}]},"5":{"type":"branch","line":26,"loc":{"start":{"line":26,"column":41},"end":{"line":51,"column":1}},"locations":[{"start":{"line":26,"column":41},"end":{"line":51,"column":1}}]},"6":{"type":"branch","line":27,"loc":{"start":{"line":27,"column":36},"end":{"line":29,"column":5}},"locations":[{"start":{"line":27,"column":36},"end":{"line":29,"column":5}}]},"7":{"type":"branch","line":31,"loc":{"start":{"line":31,"column":32},"end":{"line":48,"column":5}},"locations":[{"start":{"line":31,"column":32},"end":{"line":48,"column":5}}]},"8":{"type":"branch","line":32,"loc":{"start":{"line":32,"column":51},"end":{"line":35,"column":9}},"locations":[{"start":{"line":32,"column":51},"end":{"line":35,"column":9}}]},"9":{"type":"branch","line":36,"loc":{"start":{"line":36,"column":46},"end":{"line":41,"column":9}},"locations":[{"start":{"line":36,"column":46},"end":{"line":41,"column":9}}]},"10":{"type":"branch","line":37,"loc":{"start":{"line":37,"column":56},"end":{"line":40,"column":13}},"locations":[{"start":{"line":37,"column":56},"end":{"line":40,"column":13}}]},"11":{"type":"branch","line":42,"loc":{"start":{"line":42,"column":56},"end":{"line":47,"column":9}},"locations":[{"start":{"line":42,"column":56},"end":{"line":47,"column":9}}]},"12":{"type":"branch","line":43,"loc":{"start":{"line":43,"column":33},"end":{"line":46,"column":13}},"locations":[{"start":{"line":43,"column":33},"end":{"line":46,"column":13}}]}},"b":{"0":[17],"1":[0],"2":[0],"3":[57],"4":[170],"5":[11],"6":[0],"7":[110],"8":[0],"9":[480],"10":[0],"11":[440],"12":[0]},"fnMap":{"0":{"name":"getFormFields","decl":{"start":{"line":4,"column":29},"end":{"line":24,"column":1}},"loc":{"start":{"line":4,"column":29},"end":{"line":24,"column":1}},"line":4},"1":{"name":"validateDynamicFormFields","decl":{"start":{"line":26,"column":41},"end":{"line":51,"column":1}},"loc":{"start":{"line":26,"column":41},"end":{"line":51,"column":1}},"line":26}},"f":{"0":17,"1":11}}
,"C:\\Users\\sande\\Documents\\GitHub\\axgrid\\client\\src\\utils\\stringUtils.ts": {"path":"C:\\Users\\sande\\Documents\\GitHub\\axgrid\\client\\src\\utils\\stringUtils.ts","all":false,"statementMap":{"0":{"start":{"line":1,"column":0},"end":{"line":1,"column":67}},"1":{"start":{"line":2,"column":0},"end":{"line":2,"column":64}},"2":{"start":{"line":3,"column":0},"end":{"line":3,"column":1}}},"s":{"0":1,"1":224,"2":224},"branchMap":{"0":{"type":"branch","line":1,"loc":{"start":{"line":1,"column":41},"end":{"line":3,"column":1}},"locations":[{"start":{"line":1,"column":41},"end":{"line":3,"column":1}}]}},"b":{"0":[224]},"fnMap":{"0":{"name":"camelCaseToSeparatedWords","decl":{"start":{"line":1,"column":41},"end":{"line":3,"column":1}},"loc":{"start":{"line":1,"column":41},"end":{"line":3,"column":1}},"line":1}},"f":{"0":224}}
}
